2016-08-30 1:48:07 - PHP Warning:  ftp_login(): Login incorrect. in /var/www/html/admin/controller/extension/installer.php on line 295
2016-08-30 2:13:49 - PHP Warning:  ftp_chdir(): html: Arquivo ou diretório não encontrado in /var/www/html/admin/controller/extension/installer.php on line 299
2016-08-30 2:14:11 - PHP Warning:  ftp_chdir(): html: Arquivo ou diretório não encontrado in /var/www/html/admin/controller/extension/installer.php on line 299
2016-08-30 2:14:38 - PHP Warning:  ftp_mkdir(): admin/language/portuguese-br: Permissão negada in /var/www/html/admin/controller/extension/installer.php on line 338
2016-08-30 2:14:38 - PHP Warning:  ftp_mkdir(): catalog/language/portuguese-br: Permissão negada in /var/www/html/admin/controller/extension/installer.php on line 338
2016-08-30 2:14:38 - PHP Warning:  Invalid argument supplied for foreach() in /var/www/html/admin/controller/extension/installer.php on line 333
2016-08-30 2:14:38 - PHP Warning:  ftp_mkdir(): admin/language/portuguese-br/analytics: Arquivo ou diretório não encontrado in /var/www/html/admin/controller/extension/installer.php on line 338
2016-08-30 2:14:38 - PHP Warning:  Invalid argument supplied for foreach() in /var/www/html/admin/controller/extension/installer.php on line 333
2016-08-30 2:14:38 - PHP Warning:  ftp_mkdir(): admin/language/portuguese-br/captcha: Arquivo ou diretório não encontrado in /var/www/html/admin/controller/extension/installer.php on line 338
2016-08-30 2:14:38 - PHP Warning:  Invalid argument supplied for foreach() in /var/www/html/admin/controller/extension/installer.php on line 333
2016-08-30 2:14:38 - PHP Warning:  ftp_mkdir(): admin/language/portuguese-br/catalog: Arquivo ou diretório não encontrado in /var/www/html/admin/controller/extension/installer.php on line 338
2016-08-30 2:14:38 - PHP Warning:  Invalid argument supplied for foreach() in /var/www/html/admin/controller/extension/installer.php on line 333
2016-08-30 2:14:38 - PHP Warning:  ftp_mkdir(): admin/language/portuguese-br/common: Arquivo ou diretório não encontrado in /var/www/html/admin/controller/extension/installer.php on line 338
2016-08-30 2:14:38 - PHP Warning:  Invalid argument supplied for foreach() in /var/www/html/admin/controller/extension/installer.php on line 333
2016-08-30 2:14:38 - PHP Warning:  ftp_mkdir(): admin/language/portuguese-br/customer: Arquivo ou diretório não encontrado in /var/www/html/admin/controller/extension/installer.php on line 338
2016-08-30 2:14:38 - PHP Warning:  Invalid argument supplied for foreach() in /var/www/html/admin/controller/extension/installer.php on line 333
2016-08-30 2:14:38 - PHP Warning:  ftp_mkdir(): admin/language/portuguese-br/dashboard: Arquivo ou diretório não encontrado in /var/www/html/admin/controller/extension/installer.php on line 338
2016-08-30 2:14:38 - PHP Warning:  Invalid argument supplied for foreach() in /var/www/html/admin/controller/extension/installer.php on line 333
2016-08-30 2:14:38 - PHP Warning:  ftp_mkdir(): admin/language/portuguese-br/design: Arquivo ou diretório não encontrado in /var/www/html/admin/controller/extension/installer.php on line 338
2016-08-30 2:14:38 - PHP Warning:  Invalid argument supplied for foreach() in /var/www/html/admin/controller/extension/installer.php on line 333
2016-08-30 2:14:38 - PHP Warning:  ftp_mkdir(): admin/language/portuguese-br/error: Arquivo ou diretório não encontrado in /var/www/html/admin/controller/extension/installer.php on line 338
2016-08-30 2:14:38 - PHP Warning:  Invalid argument supplied for foreach() in /var/www/html/admin/controller/extension/installer.php on line 333
2016-08-30 2:14:38 - PHP Warning:  ftp_mkdir(): admin/language/portuguese-br/extension: Arquivo ou diretório não encontrado in /var/www/html/admin/controller/extension/installer.php on line 338
2016-08-30 2:14:38 - PHP Warning:  Invalid argument supplied for foreach() in /var/www/html/admin/controller/extension/installer.php on line 333
2016-08-30 2:14:38 - PHP Warning:  ftp_mkdir(): admin/language/portuguese-br/feed: Arquivo ou diretório não encontrado in /var/www/html/admin/controller/extension/installer.php on line 338
2016-08-30 2:14:38 - PHP Warning:  Invalid argument supplied for foreach() in /var/www/html/admin/controller/extension/installer.php on line 333
2016-08-30 2:14:38 - PHP Warning:  ftp_mkdir(): admin/language/portuguese-br/fraud: Arquivo ou diretório não encontrado in /var/www/html/admin/controller/extension/installer.php on line 338
2016-08-30 2:14:38 - PHP Warning:  Invalid argument supplied for foreach() in /var/www/html/admin/controller/extension/installer.php on line 333
2016-08-30 2:14:38 - PHP Warning:  ftp_mkdir(): admin/language/portuguese-br/localisation: Arquivo ou diretório não encontrado in /var/www/html/admin/controller/extension/installer.php on line 338
2016-08-30 2:14:38 - PHP Warning:  Invalid argument supplied for foreach() in /var/www/html/admin/controller/extension/installer.php on line 333
2016-08-30 2:14:38 - PHP Warning:  ftp_mkdir(): admin/language/portuguese-br/mail: Arquivo ou diretório não encontrado in /var/www/html/admin/controller/extension/installer.php on line 338
2016-08-30 2:14:38 - PHP Warning:  Invalid argument supplied for foreach() in /var/www/html/admin/controller/extension/installer.php on line 333
2016-08-30 2:14:38 - PHP Warning:  ftp_mkdir(): admin/language/portuguese-br/marketing: Arquivo ou diretório não encontrado in /var/www/html/admin/controller/extension/installer.php on line 338
2016-08-30 2:14:38 - PHP Warning:  Invalid argument supplied for foreach() in /var/www/html/admin/controller/extension/installer.php on line 333
2016-08-30 2:14:38 - PHP Warning:  ftp_mkdir(): admin/language/portuguese-br/module: Arquivo ou diretório não encontrado in /var/www/html/admin/controller/extension/installer.php on line 338
2016-08-30 2:14:38 - PHP Warning:  Invalid argument supplied for foreach() in /var/www/html/admin/controller/extension/installer.php on line 333
2016-08-30 2:14:38 - PHP Warning:  ftp_mkdir(): admin/language/portuguese-br/openbay: Arquivo ou diretório não encontrado in /var/www/html/admin/controller/extension/installer.php on line 338
2016-08-30 2:14:38 - PHP Warning:  Invalid argument supplied for foreach() in /var/www/html/admin/controller/extension/installer.php on line 333
2016-08-30 2:14:38 - PHP Warning:  ftp_mkdir(): admin/language/portuguese-br/payment: Arquivo ou diretório não encontrado in /var/www/html/admin/controller/extension/installer.php on line 338
2016-08-30 2:14:38 - PHP Warning:  ftp_put(): admin/language/portuguese-br/portuguese-br.php: Arquivo ou diretório não encontrado in /var/www/html/admin/controller/extension/installer.php on line 345
2016-08-30 2:14:38 - PHP Warning:  Invalid argument supplied for foreach() in /var/www/html/admin/controller/extension/installer.php on line 333
2016-08-30 2:14:38 - PHP Warning:  ftp_mkdir(): admin/language/portuguese-br/report: Arquivo ou diretório não encontrado in /var/www/html/admin/controller/extension/installer.php on line 338
2016-08-30 2:14:38 - PHP Warning:  Invalid argument supplied for foreach() in /var/www/html/admin/controller/extension/installer.php on line 333
2016-08-30 2:14:38 - PHP Warning:  ftp_mkdir(): admin/language/portuguese-br/sale: Arquivo ou diretório não encontrado in /var/www/html/admin/controller/extension/installer.php on line 338
2016-08-30 2:14:38 - PHP Warning:  Invalid argument supplied for foreach() in /var/www/html/admin/controller/extension/installer.php on line 333
2016-08-30 2:14:39 - PHP Warning:  ftp_mkdir(): admin/language/portuguese-br/setting: Arquivo ou diretório não encontrado in /var/www/html/admin/controller/extension/installer.php on line 338
2016-08-30 2:14:39 - PHP Warning:  Invalid argument supplied for foreach() in /var/www/html/admin/controller/extension/installer.php on line 333
2016-08-30 2:14:39 - PHP Warning:  ftp_mkdir(): admin/language/portuguese-br/shipping: Arquivo ou diretório não encontrado in /var/www/html/admin/controller/extension/installer.php on line 338
2016-08-30 2:14:39 - PHP Warning:  Invalid argument supplied for foreach() in /var/www/html/admin/controller/extension/installer.php on line 333
2016-08-30 2:14:39 - PHP Warning:  ftp_mkdir(): admin/language/portuguese-br/tool: Arquivo ou diretório não encontrado in /var/www/html/admin/controller/extension/installer.php on line 338
2016-08-30 2:14:39 - PHP Warning:  Invalid argument supplied for foreach() in /var/www/html/admin/controller/extension/installer.php on line 333
2016-08-30 2:14:39 - PHP Warning:  ftp_mkdir(): admin/language/portuguese-br/total: Arquivo ou diretório não encontrado in /var/www/html/admin/controller/extension/installer.php on line 338
2016-08-30 2:14:39 - PHP Warning:  Invalid argument supplied for foreach() in /var/www/html/admin/controller/extension/installer.php on line 333
2016-08-30 2:14:39 - PHP Warning:  ftp_mkdir(): admin/language/portuguese-br/user: Arquivo ou diretório não encontrado in /var/www/html/admin/controller/extension/installer.php on line 338
2016-08-30 2:14:39 - PHP Warning:  Invalid argument supplied for foreach() in /var/www/html/admin/controller/extension/installer.php on line 333
2016-08-30 2:14:39 - PHP Warning:  ftp_mkdir(): catalog/language/portuguese-br/account: Arquivo ou diretório não encontrado in /var/www/html/admin/controller/extension/installer.php on line 338
2016-08-30 2:14:39 - PHP Warning:  Invalid argument supplied for foreach() in /var/www/html/admin/controller/extension/installer.php on line 333
2016-08-30 2:14:39 - PHP Warning:  ftp_mkdir(): catalog/language/portuguese-br/affiliate: Arquivo ou diretório não encontrado in /var/www/html/admin/controller/extension/installer.php on line 338
2016-08-30 2:14:39 - PHP Warning:  Invalid argument supplied for foreach() in /var/www/html/admin/controller/extension/installer.php on line 333
2016-08-30 2:14:39 - PHP Warning:  ftp_mkdir(): catalog/language/portuguese-br/api: Arquivo ou diretório não encontrado in /var/www/html/admin/controller/extension/installer.php on line 338
2016-08-30 2:14:39 - PHP Warning:  Invalid argument supplied for foreach() in /var/www/html/admin/controller/extension/installer.php on line 333
2016-08-30 2:14:39 - PHP Warning:  ftp_mkdir(): catalog/language/portuguese-br/captcha: Arquivo ou diretório não encontrado in /var/www/html/admin/controller/extension/installer.php on line 338
2016-08-30 2:14:39 - PHP Warning:  Invalid argument supplied for foreach() in /var/www/html/admin/controller/extension/installer.php on line 333
2016-08-30 2:14:39 - PHP Warning:  ftp_mkdir(): catalog/language/portuguese-br/checkout: Arquivo ou diretório não encontrado in /var/www/html/admin/controller/extension/installer.php on line 338
2016-08-30 2:14:39 - PHP Warning:  Invalid argument supplied for foreach() in /var/www/html/admin/controller/extension/installer.php on line 333
2016-08-30 2:14:39 - PHP Warning:  ftp_mkdir(): catalog/language/portuguese-br/common: Arquivo ou diretório não encontrado in /var/www/html/admin/controller/extension/installer.php on line 338
2016-08-30 2:14:39 - PHP Warning:  Invalid argument supplied for foreach() in /var/www/html/admin/controller/extension/installer.php on line 333
2016-08-30 2:14:39 - PHP Warning:  ftp_mkdir(): catalog/language/portuguese-br/error: Arquivo ou diretório não encontrado in /var/www/html/admin/controller/extension/installer.php on line 338
2016-08-30 2:14:39 - PHP Warning:  Invalid argument supplied for foreach() in /var/www/html/admin/controller/extension/installer.php on line 333
2016-08-30 2:14:39 - PHP Warning:  ftp_mkdir(): catalog/language/portuguese-br/information: Arquivo ou diretório não encontrado in /var/www/html/admin/controller/extension/installer.php on line 338
2016-08-30 2:14:39 - PHP Warning:  Invalid argument supplied for foreach() in /var/www/html/admin/controller/extension/installer.php on line 333
2016-08-30 2:14:39 - PHP Warning:  ftp_mkdir(): catalog/language/portuguese-br/mail: Arquivo ou diretório não encontrado in /var/www/html/admin/controller/extension/installer.php on line 338
2016-08-30 2:14:39 - PHP Warning:  Invalid argument supplied for foreach() in /var/www/html/admin/controller/extension/installer.php on line 333
2016-08-30 2:14:39 - PHP Warning:  ftp_mkdir(): catalog/language/portuguese-br/module: Arquivo ou diretório não encontrado in /var/www/html/admin/controller/extension/installer.php on line 338
2016-08-30 2:14:39 - PHP Warning:  Invalid argument supplied for foreach() in /var/www/html/admin/controller/extension/installer.php on line 333
2016-08-30 2:14:39 - PHP Warning:  ftp_mkdir(): catalog/language/portuguese-br/openbay: Arquivo ou diretório não encontrado in /var/www/html/admin/controller/extension/installer.php on line 338
2016-08-30 2:14:39 - PHP Warning:  Invalid argument supplied for foreach() in /var/www/html/admin/controller/extension/installer.php on line 333
2016-08-30 2:14:39 - PHP Warning:  ftp_mkdir(): catalog/language/portuguese-br/payment: Arquivo ou diretório não encontrado in /var/www/html/admin/controller/extension/installer.php on line 338
2016-08-30 2:14:39 - PHP Warning:  ftp_put(): catalog/language/portuguese-br/portuguese-br.php: Arquivo ou diretório não encontrado in /var/www/html/admin/controller/extension/installer.php on line 345
2016-08-30 2:14:39 - PHP Warning:  Invalid argument supplied for foreach() in /var/www/html/admin/controller/extension/installer.php on line 333
2016-08-30 2:14:39 - PHP Warning:  ftp_mkdir(): catalog/language/portuguese-br/product: Arquivo ou diretório não encontrado in /var/www/html/admin/controller/extension/installer.php on line 338
2016-08-30 2:14:39 - PHP Warning:  Invalid argument supplied for foreach() in /var/www/html/admin/controller/extension/installer.php on line 333
2016-08-30 2:14:39 - PHP Warning:  ftp_mkdir(): catalog/language/portuguese-br/shipping: Arquivo ou diretório não encontrado in /var/www/html/admin/controller/extension/installer.php on line 338
2016-08-30 2:14:39 - PHP Warning:  Invalid argument supplied for foreach() in /var/www/html/admin/controller/extension/installer.php on line 333
2016-08-30 2:14:39 - PHP Warning:  ftp_mkdir(): catalog/language/portuguese-br/tool: Arquivo ou diretório não encontrado in /var/www/html/admin/controller/extension/installer.php on line 338
2016-08-30 2:14:39 - PHP Warning:  Invalid argument supplied for foreach() in /var/www/html/admin/controller/extension/installer.php on line 333
2016-08-30 2:14:39 - PHP Warning:  ftp_mkdir(): catalog/language/portuguese-br/total: Arquivo ou diretório não encontrado in /var/www/html/admin/controller/extension/installer.php on line 338
2016-08-30 2:14:39 - PHP Warning:  ftp_put(): admin/language/portuguese-br/analytics/google_analytics.php: Arquivo ou diretório não encontrado in /var/www/html/admin/controller/extension/installer.php on line 345
2016-08-30 2:14:39 - PHP Warning:  ftp_put(): admin/language/portuguese-br/captcha/basic_captcha.php: Arquivo ou diretório não encontrado in /var/www/html/admin/controller/extension/installer.php on line 345
2016-08-30 2:14:39 - PHP Warning:  ftp_put(): admin/language/portuguese-br/captcha/google_captcha.php: Arquivo ou diretório não encontrado in /var/www/html/admin/controller/extension/installer.php on line 345
2016-08-30 2:14:39 - PHP Warning:  ftp_put(): admin/language/portuguese-br/catalog/attribute.php: Arquivo ou diretório não encontrado in /var/www/html/admin/controller/extension/installer.php on line 345
2016-08-30 2:14:39 - PHP Warning:  ftp_put(): admin/language/portuguese-br/catalog/attribute_group.php: Arquivo ou diretório não encontrado in /var/www/html/admin/controller/extension/installer.php on line 345
2016-08-30 2:14:39 - PHP Warning:  ftp_put(): admin/language/portuguese-br/catalog/category.php: Arquivo ou diretório não encontrado in /var/www/html/admin/controller/extension/installer.php on line 345
2016-08-30 2:14:39 - PHP Warning:  ftp_put(): admin/language/portuguese-br/catalog/download.php: Arquivo ou diretório não encontrado in /var/www/html/admin/controller/extension/installer.php on line 345
2016-08-30 2:14:39 - PHP Warning:  ftp_put(): admin/language/portuguese-br/catalog/filter.php: Arquivo ou diretório não encontrado in /var/www/html/admin/controller/extension/installer.php on line 345
2016-08-30 2:14:39 - PHP Warning:  ftp_put(): admin/language/portuguese-br/catalog/information.php: Arquivo ou diretório não encontrado in /var/www/html/admin/controller/extension/installer.php on line 345
2016-08-30 2:14:39 - PHP Warning:  ftp_put(): admin/language/portuguese-br/catalog/manufacturer.php: Arquivo ou diretório não encontrado in /var/www/html/admin/controller/extension/installer.php on line 345
2016-08-30 2:14:39 - PHP Warning:  ftp_put(): admin/language/portuguese-br/catalog/option.php: Arquivo ou diretório não encontrado in /var/www/html/admin/controller/extension/installer.php on line 345
2016-08-30 2:14:39 - PHP Warning:  ftp_put(): admin/language/portuguese-br/catalog/product.php: Arquivo ou diretório não encontrado in /var/www/html/admin/controller/extension/installer.php on line 345
2016-08-30 2:14:39 - PHP Warning:  ftp_put(): admin/language/portuguese-br/catalog/recurring.php: Arquivo ou diretório não encontrado in /var/www/html/admin/controller/extension/installer.php on line 345
2016-08-30 2:14:39 - PHP Warning:  ftp_put(): admin/language/portuguese-br/catalog/review.php: Arquivo ou diretório não encontrado in /var/www/html/admin/controller/extension/installer.php on line 345
2016-08-30 2:14:39 - PHP Warning:  ftp_put(): admin/language/portuguese-br/common/dashboard.php: Arquivo ou diretório não encontrado in /var/www/html/admin/controller/extension/installer.php on line 345
2016-08-30 2:14:39 - PHP Warning:  ftp_put(): admin/language/portuguese-br/common/filemanager.php: Arquivo ou diretório não encontrado in /var/www/html/admin/controller/extension/installer.php on line 345
2016-08-30 2:14:39 - PHP Warning:  ftp_put(): admin/language/portuguese-br/common/footer.php: Arquivo ou diretório não encontrado in /var/www/html/admin/controller/extension/installer.php on line 345
2016-08-30 2:14:39 - PHP Warning:  ftp_put(): admin/language/portuguese-br/common/forgotten.php: Arquivo ou diretório não encontrado in /var/www/html/admin/controller/extension/installer.php on line 345
2016-08-30 2:14:39 - PHP Warning:  ftp_put(): admin/language/portuguese-br/common/header.php: Arquivo ou diretório não encontrado in /var/www/html/admin/controller/extension/installer.php on line 345
2016-08-30 2:14:39 - PHP Warning:  ftp_put(): admin/language/portuguese-br/common/login.php: Arquivo ou diretório não encontrado in /var/www/html/admin/controller/extension/installer.php on line 345
2016-08-30 2:14:39 - PHP Warning:  ftp_put(): admin/language/portuguese-br/common/menu.php: Arquivo ou diretório não encontrado in /var/www/html/admin/controller/extension/installer.php on line 345
2016-08-30 2:14:39 - PHP Warning:  ftp_put(): admin/language/portuguese-br/common/reset.php: Arquivo ou diretório não encontrado in /var/www/html/admin/controller/extension/installer.php on line 345
2016-08-30 2:14:39 - PHP Warning:  ftp_put(): admin/language/portuguese-br/common/stats.php: Arquivo ou diretório não encontrado in /var/www/html/admin/controller/extension/installer.php on line 345
2016-08-30 2:14:39 - PHP Warning:  ftp_put(): admin/language/portuguese-br/customer/custom_field.php: Arquivo ou diretório não encontrado in /var/www/html/admin/controller/extension/installer.php on line 345
2016-08-30 2:14:39 - PHP Warning:  ftp_put(): admin/language/portuguese-br/customer/customer.php: Arquivo ou diretório não encontrado in /var/www/html/admin/controller/extension/installer.php on line 345
2016-08-30 2:14:39 - PHP Warning:  ftp_put(): admin/language/portuguese-br/customer/customer_group.php: Arquivo ou diretório não encontrado in /var/www/html/admin/controller/extension/installer.php on line 345
2016-08-30 2:14:39 - PHP Warning:  ftp_put(): admin/language/portuguese-br/dashboard/activity.php: Arquivo ou diretório não encontrado in /var/www/html/admin/controller/extension/installer.php on line 345
2016-08-30 2:14:39 - PHP Warning:  ftp_put(): admin/language/portuguese-br/dashboard/chart.php: Arquivo ou diretório não encontrado in /var/www/html/admin/controller/extension/installer.php on line 345
2016-08-30 2:14:39 - PHP Warning:  ftp_put(): admin/language/portuguese-br/dashboard/customer.php: Arquivo ou diretório não encontrado in /var/www/html/admin/controller/extension/installer.php on line 345
2016-08-30 2:14:39 - PHP Warning:  ftp_put(): admin/language/portuguese-br/dashboard/map.php: Arquivo ou diretório não encontrado in /var/www/html/admin/controller/extension/installer.php on line 345
2016-08-30 2:14:39 - PHP Warning:  ftp_put(): admin/language/portuguese-br/dashboard/online.php: Arquivo ou diretório não encontrado in /var/www/html/admin/controller/extension/installer.php on line 345
2016-08-30 2:14:39 - PHP Warning:  ftp_put(): admin/language/portuguese-br/dashboard/order.php: Arquivo ou diretório não encontrado in /var/www/html/admin/controller/extension/installer.php on line 345
2016-08-30 2:14:39 - PHP Warning:  ftp_put(): admin/language/portuguese-br/dashboard/recent.php: Arquivo ou diretório não encontrado in /var/www/html/admin/controller/extension/installer.php on line 345
2016-08-30 2:14:39 - PHP Warning:  ftp_put(): admin/language/portuguese-br/dashboard/sale.php: Arquivo ou diretório não encontrado in /var/www/html/admin/controller/extension/installer.php on line 345
2016-08-30 2:14:39 - PHP Warning:  ftp_put(): admin/language/portuguese-br/design/banner.php: Arquivo ou diretório não encontrado in /var/www/html/admin/controller/extension/installer.php on line 345
2016-08-30 2:14:39 - PHP Warning:  ftp_put(): admin/language/portuguese-br/design/layout.php: Arquivo ou diretório não encontrado in /var/www/html/admin/controller/extension/installer.php on line 345
2016-08-30 2:14:39 - PHP Warning:  ftp_put(): admin/language/portuguese-br/error/not_found.php: Arquivo ou diretório não encontrado in /var/www/html/admin/controller/extension/installer.php on line 345
2016-08-30 2:14:39 - PHP Warning:  ftp_put(): admin/language/portuguese-br/error/permission.php: Arquivo ou diretório não encontrado in /var/www/html/admin/controller/extension/installer.php on line 345
2016-08-30 2:14:39 - PHP Warning:  ftp_put(): admin/language/portuguese-br/extension/analytics.php: Arquivo ou diretório não encontrado in /var/www/html/admin/controller/extension/installer.php on line 345
2016-08-30 2:14:39 - PHP Warning:  ftp_put(): admin/language/portuguese-br/extension/captcha.php: Arquivo ou diretório não encontrado in /var/www/html/admin/controller/extension/installer.php on line 345
2016-08-30 2:14:39 - PHP Warning:  ftp_put(): admin/language/portuguese-br/extension/feed.php: Arquivo ou diretório não encontrado in /var/www/html/admin/controller/extension/installer.php on line 345
2016-08-30 2:14:39 - PHP Warning:  ftp_put(): admin/language/portuguese-br/extension/fraud.php: Arquivo ou diretório não encontrado in /var/www/html/admin/controller/extension/installer.php on line 345
2016-08-30 2:14:39 - PHP Warning:  ftp_put(): admin/language/portuguese-br/extension/installer.php: Arquivo ou diretório não encontrado in /var/www/html/admin/controller/extension/installer.php on line 345
2016-08-30 2:14:39 - PHP Warning:  ftp_put(): admin/language/portuguese-br/extension/modification.php: Arquivo ou diretório não encontrado in /var/www/html/admin/controller/extension/installer.php on line 345
2016-08-30 2:14:39 - PHP Warning:  ftp_put(): admin/language/portuguese-br/extension/module.php: Arquivo ou diretório não encontrado in /var/www/html/admin/controller/extension/installer.php on line 345
2016-08-30 2:14:39 - PHP Warning:  ftp_put(): admin/language/portuguese-br/extension/openbay.php: Arquivo ou diretório não encontrado in /var/www/html/admin/controller/extension/installer.php on line 345
2016-08-30 2:14:39 - PHP Warning:  ftp_put(): admin/language/portuguese-br/extension/payment.php: Arquivo ou diretório não encontrado in /var/www/html/admin/controller/extension/installer.php on line 345
2016-08-30 2:14:39 - PHP Warning:  ftp_put(): admin/language/portuguese-br/extension/shipping.php: Arquivo ou diretório não encontrado in /var/www/html/admin/controller/extension/installer.php on line 345
2016-08-30 2:14:39 - PHP Warning:  ftp_put(): admin/language/portuguese-br/extension/total.php: Arquivo ou diretório não encontrado in /var/www/html/admin/controller/extension/installer.php on line 345
2016-08-30 2:14:39 - PHP Warning:  ftp_put(): admin/language/portuguese-br/feed/google_base.php: Arquivo ou diretório não encontrado in /var/www/html/admin/controller/extension/installer.php on line 345
2016-08-30 2:14:39 - PHP Warning:  ftp_put(): admin/language/portuguese-br/feed/google_sitemap.php: Arquivo ou diretório não encontrado in /var/www/html/admin/controller/extension/installer.php on line 345
2016-08-30 2:14:39 - PHP Warning:  ftp_put(): admin/language/portuguese-br/feed/openbaypro.php: Arquivo ou diretório não encontrado in /var/www/html/admin/controller/extension/installer.php on line 345
2016-08-30 2:14:39 - PHP Warning:  ftp_put(): admin/language/portuguese-br/fraud/fraudlabspro.php: Arquivo ou diretório não encontrado in /var/www/html/admin/controller/extension/installer.php on line 345
2016-08-30 2:14:39 - PHP Warning:  ftp_put(): admin/language/portuguese-br/fraud/ip.php: Arquivo ou diretório não encontrado in /var/www/html/admin/controller/extension/installer.php on line 345
2016-08-30 2:14:39 - PHP Warning:  ftp_put(): admin/language/portuguese-br/fraud/maxmind.php: Arquivo ou diretório não encontrado in /var/www/html/admin/controller/extension/installer.php on line 345
2016-08-30 2:14:39 - PHP Warning:  ftp_put(): admin/language/portuguese-br/localisation/country.php: Arquivo ou diretório não encontrado in /var/www/html/admin/controller/extension/installer.php on line 345
2016-08-30 2:14:39 - PHP Warning:  ftp_put(): admin/language/portuguese-br/localisation/currency.php: Arquivo ou diretório não encontrado in /var/www/html/admin/controller/extension/installer.php on line 345
2016-08-30 2:14:39 - PHP Warning:  ftp_put(): admin/language/portuguese-br/localisation/geo_zone.php: Arquivo ou diretório não encontrado in /var/www/html/admin/controller/extension/installer.php on line 345
2016-08-30 2:14:39 - PHP Warning:  ftp_put(): admin/language/portuguese-br/localisation/language.php: Arquivo ou diretório não encontrado in /var/www/html/admin/controller/extension/installer.php on line 345
2016-08-30 2:14:39 - PHP Warning:  ftp_put(): admin/language/portuguese-br/localisation/length_class.php: Arquivo ou diretório não encontrado in /var/www/html/admin/controller/extension/installer.php on line 345
2016-08-30 2:14:39 - PHP Warning:  ftp_put(): admin/language/portuguese-br/localisation/location.php: Arquivo ou diretório não encontrado in /var/www/html/admin/controller/extension/installer.php on line 345
2016-08-30 2:14:39 - PHP Warning:  ftp_put(): admin/language/portuguese-br/localisation/order_status.php: Arquivo ou diretório não encontrado in /var/www/html/admin/controller/extension/installer.php on line 345
2016-08-30 2:14:39 - PHP Warning:  ftp_put(): admin/language/portuguese-br/localisation/return_action.php: Arquivo ou diretório não encontrado in /var/www/html/admin/controller/extension/installer.php on line 345
2016-08-30 2:14:39 - PHP Warning:  ftp_put(): admin/language/portuguese-br/localisation/return_reason.php: Arquivo ou diretório não encontrado in /var/www/html/admin/controller/extension/installer.php on line 345
2016-08-30 2:14:39 - PHP Warning:  ftp_put(): admin/language/portuguese-br/localisation/return_status.php: Arquivo ou diretório não encontrado in /var/www/html/admin/controller/extension/installer.php on line 345
2016-08-30 2:14:39 - PHP Warning:  ftp_put(): admin/language/portuguese-br/localisation/stock_status.php: Arquivo ou diretório não encontrado in /var/www/html/admin/controller/extension/installer.php on line 345
2016-08-30 2:14:39 - PHP Warning:  ftp_put(): admin/language/portuguese-br/localisation/tax_class.php: Arquivo ou diretório não encontrado in /var/www/html/admin/controller/extension/installer.php on line 345
2016-08-30 2:14:39 - PHP Warning:  ftp_put(): admin/language/portuguese-br/localisation/tax_rate.php: Arquivo ou diretório não encontrado in /var/www/html/admin/controller/extension/installer.php on line 345
2016-08-30 2:14:39 - PHP Warning:  ftp_put(): admin/language/portuguese-br/localisation/weight_class.php: Arquivo ou diretório não encontrado in /var/www/html/admin/controller/extension/installer.php on line 345
2016-08-30 2:14:39 - PHP Warning:  ftp_put(): admin/language/portuguese-br/localisation/zone.php: Arquivo ou diretório não encontrado in /var/www/html/admin/controller/extension/installer.php on line 345
2016-08-30 2:14:39 - PHP Warning:  ftp_put(): admin/language/portuguese-br/mail/affiliate.php: Arquivo ou diretório não encontrado in /var/www/html/admin/controller/extension/installer.php on line 345
2016-08-30 2:14:39 - PHP Warning:  ftp_put(): admin/language/portuguese-br/mail/customer.php: Arquivo ou diretório não encontrado in /var/www/html/admin/controller/extension/installer.php on line 345
2016-08-30 2:14:39 - PHP Warning:  ftp_put(): admin/language/portuguese-br/mail/forgotten.php: Arquivo ou diretório não encontrado in /var/www/html/admin/controller/extension/installer.php on line 345
2016-08-30 2:14:39 - PHP Warning:  ftp_put(): admin/language/portuguese-br/mail/return.php: Arquivo ou diretório não encontrado in /var/www/html/admin/controller/extension/installer.php on line 345
2016-08-30 2:14:39 - PHP Warning:  ftp_put(): admin/language/portuguese-br/mail/voucher.php: Arquivo ou diretório não encontrado in /var/www/html/admin/controller/extension/installer.php on line 345
2016-08-30 2:14:39 - PHP Warning:  ftp_put(): admin/language/portuguese-br/marketing/affiliate.php: Arquivo ou diretório não encontrado in /var/www/html/admin/controller/extension/installer.php on line 345
2016-08-30 2:14:39 - PHP Warning:  ftp_put(): admin/language/portuguese-br/marketing/contact.php: Arquivo ou diretório não encontrado in /var/www/html/admin/controller/extension/installer.php on line 345
2016-08-30 2:14:39 - PHP Warning:  ftp_put(): admin/language/portuguese-br/marketing/coupon.php: Arquivo ou diretório não encontrado in /var/www/html/admin/controller/extension/installer.php on line 345
2016-08-30 2:14:39 - PHP Warning:  ftp_put(): admin/language/portuguese-br/marketing/marketing.php: Arquivo ou diretório não encontrado in /var/www/html/admin/controller/extension/installer.php on line 345
2016-08-30 2:14:39 - PHP Warning:  ftp_put(): admin/language/portuguese-br/module/account.php: Arquivo ou diretório não encontrado in /var/www/html/admin/controller/extension/installer.php on line 345
2016-08-30 2:14:39 - PHP Warning:  ftp_put(): admin/language/portuguese-br/module/affiliate.php: Arquivo ou diretório não encontrado in /var/www/html/admin/controller/extension/installer.php on line 345
2016-08-30 2:14:39 - PHP Warning:  ftp_put(): admin/language/portuguese-br/module/amazon_button.php: Arquivo ou diretório não encontrado in /var/www/html/admin/controller/extension/installer.php on line 345
2016-08-30 2:14:39 - PHP Warning:  ftp_put(): admin/language/portuguese-br/module/amazon_login.php: Arquivo ou diretório não encontrado in /var/www/html/admin/controller/extension/installer.php on line 345
2016-08-30 2:14:39 - PHP Warning:  ftp_put(): admin/language/portuguese-br/module/amazon_pay.php: Arquivo ou diretório não encontrado in /var/www/html/admin/controller/extension/installer.php on line 345
2016-08-30 2:14:39 - PHP Warning:  ftp_put(): admin/language/portuguese-br/module/banner.php: Arquivo ou diretório não encontrado in /var/www/html/admin/controller/extension/installer.php on line 345
2016-08-30 2:14:39 - PHP Warning:  ftp_put(): admin/language/portuguese-br/module/bestseller.php: Arquivo ou diretório não encontrado in /var/www/html/admin/controller/extension/installer.php on line 345
2016-08-30 2:14:39 - PHP Warning:  ftp_put(): admin/language/portuguese-br/module/carousel.php: Arquivo ou diretório não encontrado in /var/www/html/admin/controller/extension/installer.php on line 345
2016-08-30 2:14:39 - PHP Warning:  ftp_put(): admin/language/portuguese-br/module/category.php: Arquivo ou diretório não encontrado in /var/www/html/admin/controller/extension/installer.php on line 345
2016-08-30 2:14:39 - PHP Warning:  ftp_put(): admin/language/portuguese-br/module/ebay_listing.php: Arquivo ou diretório não encontrado in /var/www/html/admin/controller/extension/installer.php on line 345
2016-08-30 2:14:39 - PHP Warning:  ftp_put(): admin/language/portuguese-br/module/featured.php: Arquivo ou diretório não encontrado in /var/www/html/admin/controller/extension/installer.php on line 345
2016-08-30 2:14:39 - PHP Warning:  ftp_put(): admin/language/portuguese-br/module/filter.php: Arquivo ou diretório não encontrado in /var/www/html/admin/controller/extension/installer.php on line 345
2016-08-30 2:14:39 - PHP Warning:  ftp_put(): admin/language/portuguese-br/module/google_hangouts.php: Arquivo ou diretório não encontrado in /var/www/html/admin/controller/extension/installer.php on line 345
2016-08-30 2:14:39 - PHP Warning:  ftp_put(): admin/language/portuguese-br/module/html.php: Arquivo ou diretório não encontrado in /var/www/html/admin/controller/extension/installer.php on line 345
2016-08-30 2:14:39 - PHP Warning:  ftp_put(): admin/language/portuguese-br/module/information.php: Arquivo ou diretório não encontrado in /var/www/html/admin/controller/extension/installer.php on line 345
2016-08-30 2:14:39 - PHP Warning:  ftp_put(): admin/language/portuguese-br/module/latest.php: Arquivo ou diretório não encontrado in /var/www/html/admin/controller/extension/installer.php on line 345
2016-08-30 2:14:39 - PHP Warning:  ftp_put(): admin/language/portuguese-br/module/pp_button.php: Arquivo ou diretório não encontrado in /var/www/html/admin/controller/extension/installer.php on line 345
2016-08-30 2:14:39 - PHP Warning:  ftp_put(): admin/language/portuguese-br/module/pp_login.php: Arquivo ou diretório não encontrado in /var/www/html/admin/controller/extension/installer.php on line 345
2016-08-30 2:14:39 - PHP Warning:  ftp_put(): admin/language/portuguese-br/module/slideshow.php: Arquivo ou diretório não encontrado in /var/www/html/admin/controller/extension/installer.php on line 345
2016-08-30 2:14:39 - PHP Warning:  ftp_put(): admin/language/portuguese-br/module/special.php: Arquivo ou diretório não encontrado in /var/www/html/admin/controller/extension/installer.php on line 345
2016-08-30 2:14:39 - PHP Warning:  ftp_put(): admin/language/portuguese-br/module/store.php: Arquivo ou diretório não encontrado in /var/www/html/admin/controller/extension/installer.php on line 345
2016-08-30 2:14:39 - PHP Warning:  ftp_put(): admin/language/portuguese-br/openbay/amazon.php: Arquivo ou diretório não encontrado in /var/www/html/admin/controller/extension/installer.php on line 345
2016-08-30 2:14:39 - PHP Warning:  ftp_put(): admin/language/portuguese-br/openbay/amazon_bulk_linking.php: Arquivo ou diretório não encontrado in /var/www/html/admin/controller/extension/installer.php on line 345
2016-08-30 2:14:39 - PHP Warning:  ftp_put(): admin/language/portuguese-br/openbay/amazon_bulk_listing.php: Arquivo ou diretório não encontrado in /var/www/html/admin/controller/extension/installer.php on line 345
2016-08-30 2:14:39 - PHP Warning:  ftp_put(): admin/language/portuguese-br/openbay/amazon_links.php: Arquivo ou diretório não encontrado in /var/www/html/admin/controller/extension/installer.php on line 345
2016-08-30 2:14:39 - PHP Warning:  ftp_put(): admin/language/portuguese-br/openbay/amazon_listing.php: Arquivo ou diretório não encontrado in /var/www/html/admin/controller/extension/installer.php on line 345
2016-08-30 2:14:39 - PHP Warning:  ftp_put(): admin/language/portuguese-br/openbay/amazon_listingsaved.php: Arquivo ou diretório não encontrado in /var/www/html/admin/controller/extension/installer.php on line 345
2016-08-30 2:14:39 - PHP Warning:  ftp_put(): admin/language/portuguese-br/openbay/amazon_settings.php: Arquivo ou diretório não encontrado in /var/www/html/admin/controller/extension/installer.php on line 345
2016-08-30 2:14:39 - PHP Warning:  ftp_put(): admin/language/portuguese-br/openbay/amazon_stockupdates.php: Arquivo ou diretório não encontrado in /var/www/html/admin/controller/extension/installer.php on line 345
2016-08-30 2:14:39 - PHP Warning:  ftp_put(): admin/language/portuguese-br/openbay/amazon_subscription.php: Arquivo ou diretório não encontrado in /var/www/html/admin/controller/extension/installer.php on line 345
2016-08-30 2:14:39 - PHP Warning:  ftp_put(): admin/language/portuguese-br/openbay/amazonus.php: Arquivo ou diretório não encontrado in /var/www/html/admin/controller/extension/installer.php on line 345
2016-08-30 2:14:39 - PHP Warning:  ftp_put(): admin/language/portuguese-br/openbay/amazonus_bulk_linking.php: Arquivo ou diretório não encontrado in /var/www/html/admin/controller/extension/installer.php on line 345
2016-08-30 2:14:39 - PHP Warning:  ftp_put(): admin/language/portuguese-br/openbay/amazonus_bulk_listing.php: Arquivo ou diretório não encontrado in /var/www/html/admin/controller/extension/installer.php on line 345
2016-08-30 2:14:39 - PHP Warning:  ftp_put(): admin/language/portuguese-br/openbay/amazonus_links.php: Arquivo ou diretório não encontrado in /var/www/html/admin/controller/extension/installer.php on line 345
2016-08-30 2:14:39 - PHP Warning:  ftp_put(): admin/language/portuguese-br/openbay/amazonus_listing.php: Arquivo ou diretório não encontrado in /var/www/html/admin/controller/extension/installer.php on line 345
2016-08-30 2:14:39 - PHP Warning:  ftp_put(): admin/language/portuguese-br/openbay/amazonus_listingsaved.php: Arquivo ou diretório não encontrado in /var/www/html/admin/controller/extension/installer.php on line 345
2016-08-30 2:14:39 - PHP Warning:  ftp_put(): admin/language/portuguese-br/openbay/amazonus_settings.php: Arquivo ou diretório não encontrado in /var/www/html/admin/controller/extension/installer.php on line 345
2016-08-30 2:14:39 - PHP Warning:  ftp_put(): admin/language/portuguese-br/openbay/amazonus_stockupdates.php: Arquivo ou diretório não encontrado in /var/www/html/admin/controller/extension/installer.php on line 345
2016-08-30 2:14:39 - PHP Warning:  ftp_put(): admin/language/portuguese-br/openbay/amazonus_subscription.php: Arquivo ou diretório não encontrado in /var/www/html/admin/controller/extension/installer.php on line 345
2016-08-30 2:14:39 - PHP Warning:  ftp_put(): admin/language/portuguese-br/openbay/ebay.php: Arquivo ou diretório não encontrado in /var/www/html/admin/controller/extension/installer.php on line 345
2016-08-30 2:14:39 - PHP Warning:  ftp_put(): admin/language/portuguese-br/openbay/ebay_edit.php: Arquivo ou diretório não encontrado in /var/www/html/admin/controller/extension/installer.php on line 345
2016-08-30 2:14:39 - PHP Warning:  ftp_put(): admin/language/portuguese-br/openbay/ebay_import.php: Arquivo ou diretório não encontrado in /var/www/html/admin/controller/extension/installer.php on line 345
2016-08-30 2:14:39 - PHP Warning:  ftp_put(): admin/language/portuguese-br/openbay/ebay_links.php: Arquivo ou diretório não encontrado in /var/www/html/admin/controller/extension/installer.php on line 345
2016-08-30 2:14:39 - PHP Warning:  ftp_put(): admin/language/portuguese-br/openbay/ebay_new.php: Arquivo ou diretório não encontrado in /var/www/html/admin/controller/extension/installer.php on line 345
2016-08-30 2:14:39 - PHP Warning:  ftp_put(): admin/language/portuguese-br/openbay/ebay_newbulk.php: Arquivo ou diretório não encontrado in /var/www/html/admin/controller/extension/installer.php on line 345
2016-08-30 2:14:39 - PHP Warning:  ftp_put(): admin/language/portuguese-br/openbay/ebay_orders.php: Arquivo ou diretório não encontrado in /var/www/html/admin/controller/extension/installer.php on line 345
2016-08-30 2:14:39 - PHP Warning:  ftp_put(): admin/language/portuguese-br/openbay/ebay_profile.php: Arquivo ou diretório não encontrado in /var/www/html/admin/controller/extension/installer.php on line 345
2016-08-30 2:14:39 - PHP Warning:  ftp_put(): admin/language/portuguese-br/openbay/ebay_settings.php: Arquivo ou diretório não encontrado in /var/www/html/admin/controller/extension/installer.php on line 345
2016-08-30 2:14:39 - PHP Warning:  ftp_put(): admin/language/portuguese-br/openbay/ebay_subscription.php: Arquivo ou diretório não encontrado in /var/www/html/admin/controller/extension/installer.php on line 345
2016-08-30 2:14:39 - PHP Warning:  ftp_put(): admin/language/portuguese-br/openbay/ebay_summary.php: Arquivo ou diretório não encontrado in /var/www/html/admin/controller/extension/installer.php on line 345
2016-08-30 2:14:39 - PHP Warning:  ftp_put(): admin/language/portuguese-br/openbay/ebay_syncronise.php: Arquivo ou diretório não encontrado in /var/www/html/admin/controller/extension/installer.php on line 345
2016-08-30 2:14:39 - PHP Warning:  ftp_put(): admin/language/portuguese-br/openbay/ebay_template.php: Arquivo ou diretório não encontrado in /var/www/html/admin/controller/extension/installer.php on line 345
2016-08-30 2:14:39 - PHP Warning:  ftp_put(): admin/language/portuguese-br/openbay/ebay_usage.php: Arquivo ou diretório não encontrado in /var/www/html/admin/controller/extension/installer.php on line 345
2016-08-30 2:14:39 - PHP Warning:  ftp_put(): admin/language/portuguese-br/openbay/etsy.php: Arquivo ou diretório não encontrado in /var/www/html/admin/controller/extension/installer.php on line 345
2016-08-30 2:14:39 - PHP Warning:  ftp_put(): admin/language/portuguese-br/openbay/etsy_create.php: Arquivo ou diretório não encontrado in /var/www/html/admin/controller/extension/installer.php on line 345
2016-08-30 2:14:39 - PHP Warning:  ftp_put(): admin/language/portuguese-br/openbay/etsy_edit.php: Arquivo ou diretório não encontrado in /var/www/html/admin/controller/extension/installer.php on line 345
2016-08-30 2:14:39 - PHP Warning:  ftp_put(): admin/language/portuguese-br/openbay/etsy_links.php: Arquivo ou diretório não encontrado in /var/www/html/admin/controller/extension/installer.php on line 345
2016-08-30 2:14:39 - PHP Warning:  ftp_put(): admin/language/portuguese-br/openbay/etsy_listings.php: Arquivo ou diretório não encontrado in /var/www/html/admin/controller/extension/installer.php on line 345
2016-08-30 2:14:39 - PHP Warning:  ftp_put(): admin/language/portuguese-br/openbay/etsy_settings.php: Arquivo ou diretório não encontrado in /var/www/html/admin/controller/extension/installer.php on line 345
2016-08-30 2:14:39 - PHP Warning:  ftp_put(): admin/language/portuguese-br/openbay/openbay_itemlist.php: Arquivo ou diretório não encontrado in /var/www/html/admin/controller/extension/installer.php on line 345
2016-08-30 2:14:39 - PHP Warning:  ftp_put(): admin/language/portuguese-br/openbay/openbay_order.php: Arquivo ou diretório não encontrado in /var/www/html/admin/controller/extension/installer.php on line 345
2016-08-30 2:14:39 - PHP Warning:  ftp_put(): admin/language/portuguese-br/payment/amazon_checkout.php: Arquivo ou diretório não encontrado in /var/www/html/admin/controller/extension/installer.php on line 345
2016-08-30 2:14:39 - PHP Warning:  ftp_put(): admin/language/portuguese-br/payment/amazon_login_pay.php: Arquivo ou diretório não encontrado in /var/www/html/admin/controller/extension/installer.php on line 345
2016-08-30 2:14:39 - PHP Warning:  ftp_put(): admin/language/portuguese-br/payment/authorizenet_aim.php: Arquivo ou diretório não encontrado in /var/www/html/admin/controller/extension/installer.php on line 345
2016-08-30 2:14:39 - PHP Warning:  ftp_put(): admin/language/portuguese-br/payment/authorizenet_sim.php: Arquivo ou diretório não encontrado in /var/www/html/admin/controller/extension/installer.php on line 345
2016-08-30 2:14:39 - PHP Warning:  ftp_put(): admin/language/portuguese-br/payment/bank_transfer.php: Arquivo ou diretório não encontrado in /var/www/html/admin/controller/extension/installer.php on line 345
2016-08-30 2:14:39 - PHP Warning:  ftp_put(): admin/language/portuguese-br/payment/bluepay_hosted.php: Arquivo ou diretório não encontrado in /var/www/html/admin/controller/extension/installer.php on line 345
2016-08-30 2:14:39 - PHP Warning:  ftp_put(): admin/language/portuguese-br/payment/bluepay_redirect.php: Arquivo ou diretório não encontrado in /var/www/html/admin/controller/extension/installer.php on line 345
2016-08-30 2:14:39 - PHP Warning:  ftp_put(): admin/language/portuguese-br/payment/cheque.php: Arquivo ou diretório não encontrado in /var/www/html/admin/controller/extension/installer.php on line 345
2016-08-30 2:14:39 - PHP Warning:  ftp_put(): admin/language/portuguese-br/payment/cod.php: Arquivo ou diretório não encontrado in /var/www/html/admin/controller/extension/installer.php on line 345
2016-08-30 2:14:39 - PHP Warning:  ftp_put(): admin/language/portuguese-br/payment/firstdata.php: Arquivo ou diretório não encontrado in /var/www/html/admin/controller/extension/installer.php on line 345
2016-08-30 2:14:39 - PHP Warning:  ftp_put(): admin/language/portuguese-br/payment/firstdata_remote.php: Arquivo ou diretório não encontrado in /var/www/html/admin/controller/extension/installer.php on line 345
2016-08-30 2:14:39 - PHP Warning:  ftp_put(): admin/language/portuguese-br/payment/free_checkout.php: Arquivo ou diretório não encontrado in /var/www/html/admin/controller/extension/installer.php on line 345
2016-08-30 2:14:39 - PHP Warning:  ftp_put(): admin/language/portuguese-br/payment/g2apay.php: Arquivo ou diretório não encontrado in /var/www/html/admin/controller/extension/installer.php on line 345
2016-08-30 2:14:39 - PHP Warning:  ftp_put(): admin/language/portuguese-br/payment/globalpay.php: Arquivo ou diretório não encontrado in /var/www/html/admin/controller/extension/installer.php on line 345
2016-08-30 2:14:39 - PHP Warning:  ftp_put(): admin/language/portuguese-br/payment/globalpay_remote.php: Arquivo ou diretório não encontrado in /var/www/html/admin/controller/extension/installer.php on line 345
2016-08-30 2:14:39 - PHP Warning:  ftp_put(): admin/language/portuguese-br/payment/klarna_account.php: Arquivo ou diretório não encontrado in /var/www/html/admin/controller/extension/installer.php on line 345
2016-08-30 2:14:39 - PHP Warning:  ftp_put(): admin/language/portuguese-br/payment/klarna_invoice.php: Arquivo ou diretório não encontrado in /var/www/html/admin/controller/extension/installer.php on line 345
2016-08-30 2:14:39 - PHP Warning:  ftp_put(): admin/language/portuguese-br/payment/liqpay.php: Arquivo ou diretório não encontrado in /var/www/html/admin/controller/extension/installer.php on line 345
2016-08-30 2:14:39 - PHP Warning:  ftp_put(): admin/language/portuguese-br/payment/nochex.php: Arquivo ou diretório não encontrado in /var/www/html/admin/controller/extension/installer.php on line 345
2016-08-30 2:14:39 - PHP Warning:  ftp_put(): admin/language/portuguese-br/payment/paymate.php: Arquivo ou diretório não encontrado in /var/www/html/admin/controller/extension/installer.php on line 345
2016-08-30 2:14:39 - PHP Warning:  ftp_put(): admin/language/portuguese-br/payment/paypoint.php: Arquivo ou diretório não encontrado in /var/www/html/admin/controller/extension/installer.php on line 345
2016-08-30 2:14:39 - PHP Warning:  ftp_put(): admin/language/portuguese-br/payment/payza.php: Arquivo ou diretório não encontrado in /var/www/html/admin/controller/extension/installer.php on line 345
2016-08-30 2:14:39 - PHP Warning:  ftp_put(): admin/language/portuguese-br/payment/perpetual_payments.php: Arquivo ou diretório não encontrado in /var/www/html/admin/controller/extension/installer.php on line 345
2016-08-30 2:14:39 - PHP Warning:  ftp_put(): admin/language/portuguese-br/payment/pp_express.php: Arquivo ou diretório não encontrado in /var/www/html/admin/controller/extension/installer.php on line 345
2016-08-30 2:14:39 - PHP Warning:  ftp_put(): admin/language/portuguese-br/payment/pp_express_order.php: Arquivo ou diretório não encontrado in /var/www/html/admin/controller/extension/installer.php on line 345
2016-08-30 2:14:39 - PHP Warning:  ftp_put(): admin/language/portuguese-br/payment/pp_express_refund.php: Arquivo ou diretório não encontrado in /var/www/html/admin/controller/extension/installer.php on line 345
2016-08-30 2:14:39 - PHP Warning:  ftp_put(): admin/language/portuguese-br/payment/pp_express_search.php: Arquivo ou diretório não encontrado in /var/www/html/admin/controller/extension/installer.php on line 345
2016-08-30 2:14:39 - PHP Warning:  ftp_put(): admin/language/portuguese-br/payment/pp_express_view.php: Arquivo ou diretório não encontrado in /var/www/html/admin/controller/extension/installer.php on line 345
2016-08-30 2:14:39 - PHP Warning:  ftp_put(): admin/language/portuguese-br/payment/pp_payflow.php: Arquivo ou diretório não encontrado in /var/www/html/admin/controller/extension/installer.php on line 345
2016-08-30 2:14:39 - PHP Warning:  ftp_put(): admin/language/portuguese-br/payment/pp_payflow_iframe.php: Arquivo ou diretório não encontrado in /var/www/html/admin/controller/extension/installer.php on line 345
2016-08-30 2:14:39 - PHP Warning:  ftp_put(): admin/language/portuguese-br/payment/pp_pro.php: Arquivo ou diretório não encontrado in /var/www/html/admin/controller/extension/installer.php on line 345
2016-08-30 2:14:39 - PHP Warning:  ftp_put(): admin/language/portuguese-br/payment/pp_pro_iframe.php: Arquivo ou diretório não encontrado in /var/www/html/admin/controller/extension/installer.php on line 345
2016-08-30 2:14:39 - PHP Warning:  ftp_put(): admin/language/portuguese-br/payment/pp_standard.php: Arquivo ou diretório não encontrado in /var/www/html/admin/controller/extension/installer.php on line 345
2016-08-30 2:14:39 - PHP Warning:  ftp_put(): admin/language/portuguese-br/payment/realex.php: Arquivo ou diretório não encontrado in /var/www/html/admin/controller/extension/installer.php on line 345
2016-08-30 2:14:39 - PHP Warning:  ftp_put(): admin/language/portuguese-br/payment/realex_remote.php: Arquivo ou diretório não encontrado in /var/www/html/admin/controller/extension/installer.php on line 345
2016-08-30 2:14:39 - PHP Warning:  ftp_put(): admin/language/portuguese-br/payment/sagepay_direct.php: Arquivo ou diretório não encontrado in /var/www/html/admin/controller/extension/installer.php on line 345
2016-08-30 2:14:39 - PHP Warning:  ftp_put(): admin/language/portuguese-br/payment/sagepay_server.php: Arquivo ou diretório não encontrado in /var/www/html/admin/controller/extension/installer.php on line 345
2016-08-30 2:14:39 - PHP Warning:  ftp_put(): admin/language/portuguese-br/payment/sagepay_us.php: Arquivo ou diretório não encontrado in /var/www/html/admin/controller/extension/installer.php on line 345
2016-08-30 2:14:39 - PHP Warning:  ftp_put(): admin/language/portuguese-br/payment/securetrading_pp.php: Arquivo ou diretório não encontrado in /var/www/html/admin/controller/extension/installer.php on line 345
2016-08-30 2:14:39 - PHP Warning:  ftp_put(): admin/language/portuguese-br/payment/securetrading_ws.php: Arquivo ou diretório não encontrado in /var/www/html/admin/controller/extension/installer.php on line 345
2016-08-30 2:14:39 - PHP Warning:  ftp_put(): admin/language/portuguese-br/payment/skrill.php: Arquivo ou diretório não encontrado in /var/www/html/admin/controller/extension/installer.php on line 345
2016-08-30 2:14:39 - PHP Warning:  ftp_put(): admin/language/portuguese-br/payment/twocheckout.php: Arquivo ou diretório não encontrado in /var/www/html/admin/controller/extension/installer.php on line 345
2016-08-30 2:14:39 - PHP Warning:  ftp_put(): admin/language/portuguese-br/payment/web_payment_software.php: Arquivo ou diretório não encontrado in /var/www/html/admin/controller/extension/installer.php on line 345
2016-08-30 2:14:39 - PHP Warning:  ftp_put(): admin/language/portuguese-br/payment/worldpay.php: Arquivo ou diretório não encontrado in /var/www/html/admin/controller/extension/installer.php on line 345
2016-08-30 2:14:39 - PHP Warning:  ftp_put(): admin/language/portuguese-br/report/affiliate.php: Arquivo ou diretório não encontrado in /var/www/html/admin/controller/extension/installer.php on line 345
2016-08-30 2:14:39 - PHP Warning:  ftp_put(): admin/language/portuguese-br/report/affiliate_activity.php: Arquivo ou diretório não encontrado in /var/www/html/admin/controller/extension/installer.php on line 345
2016-08-30 2:14:39 - PHP Warning:  ftp_put(): admin/language/portuguese-br/report/customer_activity.php: Arquivo ou diretório não encontrado in /var/www/html/admin/controller/extension/installer.php on line 345
2016-08-30 2:14:39 - PHP Warning:  ftp_put(): admin/language/portuguese-br/report/customer_credit.php: Arquivo ou diretório não encontrado in /var/www/html/admin/controller/extension/installer.php on line 345
2016-08-30 2:14:39 - PHP Warning:  ftp_put(): admin/language/portuguese-br/report/customer_online.php: Arquivo ou diretório não encontrado in /var/www/html/admin/controller/extension/installer.php on line 345
2016-08-30 2:14:39 - PHP Warning:  ftp_put(): admin/language/portuguese-br/report/customer_order.php: Arquivo ou diretório não encontrado in /var/www/html/admin/controller/extension/installer.php on line 345
2016-08-30 2:14:39 - PHP Warning:  ftp_put(): admin/language/portuguese-br/report/customer_reward.php: Arquivo ou diretório não encontrado in /var/www/html/admin/controller/extension/installer.php on line 345
2016-08-30 2:14:39 - PHP Warning:  ftp_put(): admin/language/portuguese-br/report/marketing.php: Arquivo ou diretório não encontrado in /var/www/html/admin/controller/extension/installer.php on line 345
2016-08-30 2:14:39 - PHP Warning:  ftp_put(): admin/language/portuguese-br/report/product_purchased.php: Arquivo ou diretório não encontrado in /var/www/html/admin/controller/extension/installer.php on line 345
2016-08-30 2:14:39 - PHP Warning:  ftp_put(): admin/language/portuguese-br/report/product_viewed.php: Arquivo ou diretório não encontrado in /var/www/html/admin/controller/extension/installer.php on line 345
2016-08-30 2:14:39 - PHP Warning:  ftp_put(): admin/language/portuguese-br/report/sale_coupon.php: Arquivo ou diretório não encontrado in /var/www/html/admin/controller/extension/installer.php on line 345
2016-08-30 2:14:39 - PHP Warning:  ftp_put(): admin/language/portuguese-br/report/sale_order.php: Arquivo ou diretório não encontrado in /var/www/html/admin/controller/extension/installer.php on line 345
2016-08-30 2:14:39 - PHP Warning:  ftp_put(): admin/language/portuguese-br/report/sale_return.php: Arquivo ou diretório não encontrado in /var/www/html/admin/controller/extension/installer.php on line 345
2016-08-30 2:14:39 - PHP Warning:  ftp_put(): admin/language/portuguese-br/report/sale_shipping.php: Arquivo ou diretório não encontrado in /var/www/html/admin/controller/extension/installer.php on line 345
2016-08-30 2:14:39 - PHP Warning:  ftp_put(): admin/language/portuguese-br/report/sale_tax.php: Arquivo ou diretório não encontrado in /var/www/html/admin/controller/extension/installer.php on line 345
2016-08-30 2:14:39 - PHP Warning:  ftp_put(): admin/language/portuguese-br/sale/custom_field.php: Arquivo ou diretório não encontrado in /var/www/html/admin/controller/extension/installer.php on line 345
2016-08-30 2:14:39 - PHP Warning:  ftp_put(): admin/language/portuguese-br/sale/customer.php: Arquivo ou diretório não encontrado in /var/www/html/admin/controller/extension/installer.php on line 345
2016-08-30 2:14:39 - PHP Warning:  ftp_put(): admin/language/portuguese-br/sale/customer_ban_ip.php: Arquivo ou diretório não encontrado in /var/www/html/admin/controller/extension/installer.php on line 345
2016-08-30 2:14:39 - PHP Warning:  ftp_put(): admin/language/portuguese-br/sale/customer_group.php: Arquivo ou diretório não encontrado in /var/www/html/admin/controller/extension/installer.php on line 345
2016-08-30 2:14:39 - PHP Warning:  ftp_put(): admin/language/portuguese-br/sale/order.php: Arquivo ou diretório não encontrado in /var/www/html/admin/controller/extension/installer.php on line 345
2016-08-30 2:14:39 - PHP Warning:  ftp_put(): admin/language/portuguese-br/sale/recurring.php: Arquivo ou diretório não encontrado in /var/www/html/admin/controller/extension/installer.php on line 345
2016-08-30 2:14:39 - PHP Warning:  ftp_put(): admin/language/portuguese-br/sale/return.php: Arquivo ou diretório não encontrado in /var/www/html/admin/controller/extension/installer.php on line 345
2016-08-30 2:14:39 - PHP Warning:  ftp_put(): admin/language/portuguese-br/sale/voucher.php: Arquivo ou diretório não encontrado in /var/www/html/admin/controller/extension/installer.php on line 345
2016-08-30 2:14:39 - PHP Warning:  ftp_put(): admin/language/portuguese-br/sale/voucher_theme.php: Arquivo ou diretório não encontrado in /var/www/html/admin/controller/extension/installer.php on line 345
2016-08-30 2:14:39 - PHP Warning:  ftp_put(): admin/language/portuguese-br/setting/setting.php: Arquivo ou diretório não encontrado in /var/www/html/admin/controller/extension/installer.php on line 345
2016-08-30 2:14:39 - PHP Warning:  ftp_put(): admin/language/portuguese-br/setting/store.php: Arquivo ou diretório não encontrado in /var/www/html/admin/controller/extension/installer.php on line 345
2016-08-30 2:14:39 - PHP Warning:  ftp_put(): admin/language/portuguese-br/shipping/auspost.php: Arquivo ou diretório não encontrado in /var/www/html/admin/controller/extension/installer.php on line 345
2016-08-30 2:14:39 - PHP Warning:  ftp_put(): admin/language/portuguese-br/shipping/citylink.php: Arquivo ou diretório não encontrado in /var/www/html/admin/controller/extension/installer.php on line 345
2016-08-30 2:14:39 - PHP Warning:  ftp_put(): admin/language/portuguese-br/shipping/fedex.php: Arquivo ou diretório não encontrado in /var/www/html/admin/controller/extension/installer.php on line 345
2016-08-30 2:14:39 - PHP Warning:  ftp_put(): admin/language/portuguese-br/shipping/flat.php: Arquivo ou diretório não encontrado in /var/www/html/admin/controller/extension/installer.php on line 345
2016-08-30 2:14:39 - PHP Warning:  ftp_put(): admin/language/portuguese-br/shipping/free.php: Arquivo ou diretório não encontrado in /var/www/html/admin/controller/extension/installer.php on line 345
2016-08-30 2:14:39 - PHP Warning:  ftp_put(): admin/language/portuguese-br/shipping/item.php: Arquivo ou diretório não encontrado in /var/www/html/admin/controller/extension/installer.php on line 345
2016-08-30 2:14:39 - PHP Warning:  ftp_put(): admin/language/portuguese-br/shipping/parcelforce_48.php: Arquivo ou diretório não encontrado in /var/www/html/admin/controller/extension/installer.php on line 345
2016-08-30 2:14:39 - PHP Warning:  ftp_put(): admin/language/portuguese-br/shipping/pickup.php: Arquivo ou diretório não encontrado in /var/www/html/admin/controller/extension/installer.php on line 345
2016-08-30 2:14:39 - PHP Warning:  ftp_put(): admin/language/portuguese-br/shipping/royal_mail.php: Arquivo ou diretório não encontrado in /var/www/html/admin/controller/extension/installer.php on line 345
2016-08-30 2:14:39 - PHP Warning:  ftp_put(): admin/language/portuguese-br/shipping/ups.php: Arquivo ou diretório não encontrado in /var/www/html/admin/controller/extension/installer.php on line 345
2016-08-30 2:14:39 - PHP Warning:  ftp_put(): admin/language/portuguese-br/shipping/usps.php: Arquivo ou diretório não encontrado in /var/www/html/admin/controller/extension/installer.php on line 345
2016-08-30 2:14:39 - PHP Warning:  ftp_put(): admin/language/portuguese-br/shipping/weight.php: Arquivo ou diretório não encontrado in /var/www/html/admin/controller/extension/installer.php on line 345
2016-08-30 2:14:39 - PHP Warning:  ftp_put(): admin/language/portuguese-br/tool/backup.php: Arquivo ou diretório não encontrado in /var/www/html/admin/controller/extension/installer.php on line 345
2016-08-30 2:14:39 - PHP Warning:  ftp_put(): admin/language/portuguese-br/tool/error_log.php: Arquivo ou diretório não encontrado in /var/www/html/admin/controller/extension/installer.php on line 345
2016-08-30 2:14:39 - PHP Warning:  ftp_put(): admin/language/portuguese-br/tool/upload.php: Arquivo ou diretório não encontrado in /var/www/html/admin/controller/extension/installer.php on line 345
2016-08-30 2:14:39 - PHP Warning:  ftp_put(): admin/language/portuguese-br/total/coupon.php: Arquivo ou diretório não encontrado in /var/www/html/admin/controller/extension/installer.php on line 345
2016-08-30 2:14:39 - PHP Warning:  ftp_put(): admin/language/portuguese-br/total/credit.php: Arquivo ou diretório não encontrado in /var/www/html/admin/controller/extension/installer.php on line 345
2016-08-30 2:14:39 - PHP Warning:  ftp_put(): admin/language/portuguese-br/total/handling.php: Arquivo ou diretório não encontrado in /var/www/html/admin/controller/extension/installer.php on line 345
2016-08-30 2:14:39 - PHP Warning:  ftp_put(): admin/language/portuguese-br/total/klarna_fee.php: Arquivo ou diretório não encontrado in /var/www/html/admin/controller/extension/installer.php on line 345
2016-08-30 2:14:39 - PHP Warning:  ftp_put(): admin/language/portuguese-br/total/low_order_fee.php: Arquivo ou diretório não encontrado in /var/www/html/admin/controller/extension/installer.php on line 345
2016-08-30 2:14:39 - PHP Warning:  ftp_put(): admin/language/portuguese-br/total/reward.php: Arquivo ou diretório não encontrado in /var/www/html/admin/controller/extension/installer.php on line 345
2016-08-30 2:14:39 - PHP Warning:  ftp_put(): admin/language/portuguese-br/total/shipping.php: Arquivo ou diretório não encontrado in /var/www/html/admin/controller/extension/installer.php on line 345
2016-08-30 2:14:39 - PHP Warning:  ftp_put(): admin/language/portuguese-br/total/sub_total.php: Arquivo ou diretório não encontrado in /var/www/html/admin/controller/extension/installer.php on line 345
2016-08-30 2:14:39 - PHP Warning:  ftp_put(): admin/language/portuguese-br/total/tax.php: Arquivo ou diretório não encontrado in /var/www/html/admin/controller/extension/installer.php on line 345
2016-08-30 2:14:39 - PHP Warning:  ftp_put(): admin/language/portuguese-br/total/total.php: Arquivo ou diretório não encontrado in /var/www/html/admin/controller/extension/installer.php on line 345
2016-08-30 2:14:39 - PHP Warning:  ftp_put(): admin/language/portuguese-br/total/voucher.php: Arquivo ou diretório não encontrado in /var/www/html/admin/controller/extension/installer.php on line 345
2016-08-30 2:14:39 - PHP Warning:  ftp_put(): admin/language/portuguese-br/user/api.php: Arquivo ou diretório não encontrado in /var/www/html/admin/controller/extension/installer.php on line 345
2016-08-30 2:14:39 - PHP Warning:  ftp_put(): admin/language/portuguese-br/user/user.php: Arquivo ou diretório não encontrado in /var/www/html/admin/controller/extension/installer.php on line 345
2016-08-30 2:14:39 - PHP Warning:  ftp_put(): admin/language/portuguese-br/user/user_group.php: Arquivo ou diretório não encontrado in /var/www/html/admin/controller/extension/installer.php on line 345
2016-08-30 2:14:39 - PHP Warning:  ftp_put(): catalog/language/portuguese-br/account/account.php: Arquivo ou diretório não encontrado in /var/www/html/admin/controller/extension/installer.php on line 345
2016-08-30 2:14:39 - PHP Warning:  ftp_put(): catalog/language/portuguese-br/account/address.php: Arquivo ou diretório não encontrado in /var/www/html/admin/controller/extension/installer.php on line 345
2016-08-30 2:14:39 - PHP Warning:  ftp_put(): catalog/language/portuguese-br/account/download.php: Arquivo ou diretório não encontrado in /var/www/html/admin/controller/extension/installer.php on line 345
2016-08-30 2:14:39 - PHP Warning:  ftp_put(): catalog/language/portuguese-br/account/edit.php: Arquivo ou diretório não encontrado in /var/www/html/admin/controller/extension/installer.php on line 345
2016-08-30 2:14:39 - PHP Warning:  ftp_put(): catalog/language/portuguese-br/account/forgotten.php: Arquivo ou diretório não encontrado in /var/www/html/admin/controller/extension/installer.php on line 345
2016-08-30 2:14:39 - PHP Warning:  ftp_put(): catalog/language/portuguese-br/account/login.php: Arquivo ou diretório não encontrado in /var/www/html/admin/controller/extension/installer.php on line 345
2016-08-30 2:14:39 - PHP Warning:  ftp_put(): catalog/language/portuguese-br/account/logout.php: Arquivo ou diretório não encontrado in /var/www/html/admin/controller/extension/installer.php on line 345
2016-08-30 2:14:39 - PHP Warning:  ftp_put(): catalog/language/portuguese-br/account/newsletter.php: Arquivo ou diretório não encontrado in /var/www/html/admin/controller/extension/installer.php on line 345
2016-08-30 2:14:39 - PHP Warning:  ftp_put(): catalog/language/portuguese-br/account/order.php: Arquivo ou diretório não encontrado in /var/www/html/admin/controller/extension/installer.php on line 345
2016-08-30 2:14:39 - PHP Warning:  ftp_put(): catalog/language/portuguese-br/account/password.php: Arquivo ou diretório não encontrado in /var/www/html/admin/controller/extension/installer.php on line 345
2016-08-30 2:14:39 - PHP Warning:  ftp_put(): catalog/language/portuguese-br/account/recurring.php: Arquivo ou diretório não encontrado in /var/www/html/admin/controller/extension/installer.php on line 345
2016-08-30 2:14:39 - PHP Warning:  ftp_put(): catalog/language/portuguese-br/account/register.php: Arquivo ou diretório não encontrado in /var/www/html/admin/controller/extension/installer.php on line 345
2016-08-30 2:14:39 - PHP Warning:  ftp_put(): catalog/language/portuguese-br/account/return.php: Arquivo ou diretório não encontrado in /var/www/html/admin/controller/extension/installer.php on line 345
2016-08-30 2:14:39 - PHP Warning:  ftp_put(): catalog/language/portuguese-br/account/reward.php: Arquivo ou diretório não encontrado in /var/www/html/admin/controller/extension/installer.php on line 345
2016-08-30 2:14:39 - PHP Warning:  ftp_put(): catalog/language/portuguese-br/account/success.php: Arquivo ou diretório não encontrado in /var/www/html/admin/controller/extension/installer.php on line 345
2016-08-30 2:14:39 - PHP Warning:  ftp_put(): catalog/language/portuguese-br/account/transaction.php: Arquivo ou diretório não encontrado in /var/www/html/admin/controller/extension/installer.php on line 345
2016-08-30 2:14:39 - PHP Warning:  ftp_put(): catalog/language/portuguese-br/account/voucher.php: Arquivo ou diretório não encontrado in /var/www/html/admin/controller/extension/installer.php on line 345
2016-08-30 2:14:39 - PHP Warning:  ftp_put(): catalog/language/portuguese-br/account/wishlist.php: Arquivo ou diretório não encontrado in /var/www/html/admin/controller/extension/installer.php on line 345
2016-08-30 2:14:39 - PHP Warning:  ftp_put(): catalog/language/portuguese-br/affiliate/account.php: Arquivo ou diretório não encontrado in /var/www/html/admin/controller/extension/installer.php on line 345
2016-08-30 2:14:39 - PHP Warning:  ftp_put(): catalog/language/portuguese-br/affiliate/edit.php: Arquivo ou diretório não encontrado in /var/www/html/admin/controller/extension/installer.php on line 345
2016-08-30 2:14:39 - PHP Warning:  ftp_put(): catalog/language/portuguese-br/affiliate/forgotten.php: Arquivo ou diretório não encontrado in /var/www/html/admin/controller/extension/installer.php on line 345
2016-08-30 2:14:39 - PHP Warning:  ftp_put(): catalog/language/portuguese-br/affiliate/login.php: Arquivo ou diretório não encontrado in /var/www/html/admin/controller/extension/installer.php on line 345
2016-08-30 2:14:39 - PHP Warning:  ftp_put(): catalog/language/portuguese-br/affiliate/logout.php: Arquivo ou diretório não encontrado in /var/www/html/admin/controller/extension/installer.php on line 345
2016-08-30 2:14:39 - PHP Warning:  ftp_put(): catalog/language/portuguese-br/affiliate/password.php: Arquivo ou diretório não encontrado in /var/www/html/admin/controller/extension/installer.php on line 345
2016-08-30 2:14:39 - PHP Warning:  ftp_put(): catalog/language/portuguese-br/affiliate/payment.php: Arquivo ou diretório não encontrado in /var/www/html/admin/controller/extension/installer.php on line 345
2016-08-30 2:14:39 - PHP Warning:  ftp_put(): catalog/language/portuguese-br/affiliate/register.php: Arquivo ou diretório não encontrado in /var/www/html/admin/controller/extension/installer.php on line 345
2016-08-30 2:14:39 - PHP Warning:  ftp_put(): catalog/language/portuguese-br/affiliate/success.php: Arquivo ou diretório não encontrado in /var/www/html/admin/controller/extension/installer.php on line 345
2016-08-30 2:14:39 - PHP Warning:  ftp_put(): catalog/language/portuguese-br/affiliate/tracking.php: Arquivo ou diretório não encontrado in /var/www/html/admin/controller/extension/installer.php on line 345
2016-08-30 2:14:39 - PHP Warning:  ftp_put(): catalog/language/portuguese-br/affiliate/transaction.php: Arquivo ou diretório não encontrado in /var/www/html/admin/controller/extension/installer.php on line 345
2016-08-30 2:14:39 - PHP Warning:  ftp_put(): catalog/language/portuguese-br/api/cart.php: Arquivo ou diretório não encontrado in /var/www/html/admin/controller/extension/installer.php on line 345
2016-08-30 2:14:39 - PHP Warning:  ftp_put(): catalog/language/portuguese-br/api/coupon.php: Arquivo ou diretório não encontrado in /var/www/html/admin/controller/extension/installer.php on line 345
2016-08-30 2:14:39 - PHP Warning:  ftp_put(): catalog/language/portuguese-br/api/currency.php: Arquivo ou diretório não encontrado in /var/www/html/admin/controller/extension/installer.php on line 345
2016-08-30 2:14:39 - PHP Warning:  ftp_put(): catalog/language/portuguese-br/api/customer.php: Arquivo ou diretório não encontrado in /var/www/html/admin/controller/extension/installer.php on line 345
2016-08-30 2:14:39 - PHP Warning:  ftp_put(): catalog/language/portuguese-br/api/login.php: Arquivo ou diretório não encontrado in /var/www/html/admin/controller/extension/installer.php on line 345
2016-08-30 2:14:39 - PHP Warning:  ftp_put(): catalog/language/portuguese-br/api/order.php: Arquivo ou diretório não encontrado in /var/www/html/admin/controller/extension/installer.php on line 345
2016-08-30 2:14:39 - PHP Warning:  ftp_put(): catalog/language/portuguese-br/api/payment.php: Arquivo ou diretório não encontrado in /var/www/html/admin/controller/extension/installer.php on line 345
2016-08-30 2:14:39 - PHP Warning:  ftp_put(): catalog/language/portuguese-br/api/reward.php: Arquivo ou diretório não encontrado in /var/www/html/admin/controller/extension/installer.php on line 345
2016-08-30 2:14:39 - PHP Warning:  ftp_put(): catalog/language/portuguese-br/api/shipping.php: Arquivo ou diretório não encontrado in /var/www/html/admin/controller/extension/installer.php on line 345
2016-08-30 2:14:39 - PHP Warning:  ftp_put(): catalog/language/portuguese-br/api/voucher.php: Arquivo ou diretório não encontrado in /var/www/html/admin/controller/extension/installer.php on line 345
2016-08-30 2:14:39 - PHP Warning:  ftp_put(): catalog/language/portuguese-br/captcha/basic_captcha.php: Arquivo ou diretório não encontrado in /var/www/html/admin/controller/extension/installer.php on line 345
2016-08-30 2:14:39 - PHP Warning:  ftp_put(): catalog/language/portuguese-br/captcha/google_captcha.php: Arquivo ou diretório não encontrado in /var/www/html/admin/controller/extension/installer.php on line 345
2016-08-30 2:14:39 - PHP Warning:  ftp_put(): catalog/language/portuguese-br/checkout/cart.php: Arquivo ou diretório não encontrado in /var/www/html/admin/controller/extension/installer.php on line 345
2016-08-30 2:14:39 - PHP Warning:  ftp_put(): catalog/language/portuguese-br/checkout/checkout.php: Arquivo ou diretório não encontrado in /var/www/html/admin/controller/extension/installer.php on line 345
2016-08-30 2:14:39 - PHP Warning:  ftp_put(): catalog/language/portuguese-br/checkout/coupon.php: Arquivo ou diretório não encontrado in /var/www/html/admin/controller/extension/installer.php on line 345
2016-08-30 2:14:39 - PHP Warning:  ftp_put(): catalog/language/portuguese-br/checkout/failure.php: Arquivo ou diretório não encontrado in /var/www/html/admin/controller/extension/installer.php on line 345
2016-08-30 2:14:39 - PHP Warning:  ftp_put(): catalog/language/portuguese-br/checkout/reward.php: Arquivo ou diretório não encontrado in /var/www/html/admin/controller/extension/installer.php on line 345
2016-08-30 2:14:39 - PHP Warning:  ftp_put(): catalog/language/portuguese-br/checkout/shipping.php: Arquivo ou diretório não encontrado in /var/www/html/admin/controller/extension/installer.php on line 345
2016-08-30 2:14:39 - PHP Warning:  ftp_put(): catalog/language/portuguese-br/checkout/success.php: Arquivo ou diretório não encontrado in /var/www/html/admin/controller/extension/installer.php on line 345
2016-08-30 2:14:39 - PHP Warning:  ftp_put(): catalog/language/portuguese-br/checkout/voucher.php: Arquivo ou diretório não encontrado in /var/www/html/admin/controller/extension/installer.php on line 345
2016-08-30 2:14:39 - PHP Warning:  ftp_put(): catalog/language/portuguese-br/common/cart.php: Arquivo ou diretório não encontrado in /var/www/html/admin/controller/extension/installer.php on line 345
2016-08-30 2:14:39 - PHP Warning:  ftp_put(): catalog/language/portuguese-br/common/currency.php: Arquivo ou diretório não encontrado in /var/www/html/admin/controller/extension/installer.php on line 345
2016-08-30 2:14:39 - PHP Warning:  ftp_put(): catalog/language/portuguese-br/common/footer.php: Arquivo ou diretório não encontrado in /var/www/html/admin/controller/extension/installer.php on line 345
2016-08-30 2:14:39 - PHP Warning:  ftp_put(): catalog/language/portuguese-br/common/header.php: Arquivo ou diretório não encontrado in /var/www/html/admin/controller/extension/installer.php on line 345
2016-08-30 2:14:39 - PHP Warning:  ftp_put(): catalog/language/portuguese-br/common/language.php: Arquivo ou diretório não encontrado in /var/www/html/admin/controller/extension/installer.php on line 345
2016-08-30 2:14:39 - PHP Warning:  ftp_put(): catalog/language/portuguese-br/common/maintenance.php: Arquivo ou diretório não encontrado in /var/www/html/admin/controller/extension/installer.php on line 345
2016-08-30 2:14:39 - PHP Warning:  ftp_put(): catalog/language/portuguese-br/common/search.php: Arquivo ou diretório não encontrado in /var/www/html/admin/controller/extension/installer.php on line 345
2016-08-30 2:14:39 - PHP Warning:  ftp_put(): catalog/language/portuguese-br/error/not_found.php: Arquivo ou diretório não encontrado in /var/www/html/admin/controller/extension/installer.php on line 345
2016-08-30 2:14:39 - PHP Warning:  ftp_put(): catalog/language/portuguese-br/information/contact.php: Arquivo ou diretório não encontrado in /var/www/html/admin/controller/extension/installer.php on line 345
2016-08-30 2:14:39 - PHP Warning:  ftp_put(): catalog/language/portuguese-br/information/information.php: Arquivo ou diretório não encontrado in /var/www/html/admin/controller/extension/installer.php on line 345
2016-08-30 2:14:39 - PHP Warning:  ftp_put(): catalog/language/portuguese-br/information/sitemap.php: Arquivo ou diretório não encontrado in /var/www/html/admin/controller/extension/installer.php on line 345
2016-08-30 2:14:39 - PHP Warning:  ftp_put(): catalog/language/portuguese-br/mail/affiliate.php: Arquivo ou diretório não encontrado in /var/www/html/admin/controller/extension/installer.php on line 345
2016-08-30 2:14:39 - PHP Warning:  ftp_put(): catalog/language/portuguese-br/mail/customer.php: Arquivo ou diretório não encontrado in /var/www/html/admin/controller/extension/installer.php on line 345
2016-08-30 2:14:39 - PHP Warning:  ftp_put(): catalog/language/portuguese-br/mail/forgotten.php: Arquivo ou diretório não encontrado in /var/www/html/admin/controller/extension/installer.php on line 345
2016-08-30 2:14:39 - PHP Warning:  ftp_put(): catalog/language/portuguese-br/mail/order.php: Arquivo ou diretório não encontrado in /var/www/html/admin/controller/extension/installer.php on line 345
2016-08-30 2:14:39 - PHP Warning:  ftp_put(): catalog/language/portuguese-br/mail/review.php: Arquivo ou diretório não encontrado in /var/www/html/admin/controller/extension/installer.php on line 345
2016-08-30 2:14:39 - PHP Warning:  ftp_put(): catalog/language/portuguese-br/mail/voucher.php: Arquivo ou diretório não encontrado in /var/www/html/admin/controller/extension/installer.php on line 345
2016-08-30 2:14:39 - PHP Warning:  ftp_put(): catalog/language/portuguese-br/module/account.php: Arquivo ou diretório não encontrado in /var/www/html/admin/controller/extension/installer.php on line 345
2016-08-30 2:14:39 - PHP Warning:  ftp_put(): catalog/language/portuguese-br/module/affiliate.php: Arquivo ou diretório não encontrado in /var/www/html/admin/controller/extension/installer.php on line 345
2016-08-30 2:14:39 - PHP Warning:  ftp_put(): catalog/language/portuguese-br/module/bestseller.php: Arquivo ou diretório não encontrado in /var/www/html/admin/controller/extension/installer.php on line 345
2016-08-30 2:14:39 - PHP Warning:  ftp_put(): catalog/language/portuguese-br/module/category.php: Arquivo ou diretório não encontrado in /var/www/html/admin/controller/extension/installer.php on line 345
2016-08-30 2:14:39 - PHP Warning:  ftp_put(): catalog/language/portuguese-br/module/ebay_listing.php: Arquivo ou diretório não encontrado in /var/www/html/admin/controller/extension/installer.php on line 345
2016-08-30 2:14:39 - PHP Warning:  ftp_put(): catalog/language/portuguese-br/module/featured.php: Arquivo ou diretório não encontrado in /var/www/html/admin/controller/extension/installer.php on line 345
2016-08-30 2:14:39 - PHP Warning:  ftp_put(): catalog/language/portuguese-br/module/filter.php: Arquivo ou diretório não encontrado in /var/www/html/admin/controller/extension/installer.php on line 345
2016-08-30 2:14:39 - PHP Warning:  ftp_put(): catalog/language/portuguese-br/module/google_hangouts.php: Arquivo ou diretório não encontrado in /var/www/html/admin/controller/extension/installer.php on line 345
2016-08-30 2:14:39 - PHP Warning:  ftp_put(): catalog/language/portuguese-br/module/information.php: Arquivo ou diretório não encontrado in /var/www/html/admin/controller/extension/installer.php on line 345
2016-08-30 2:14:39 - PHP Warning:  ftp_put(): catalog/language/portuguese-br/module/latest.php: Arquivo ou diretório não encontrado in /var/www/html/admin/controller/extension/installer.php on line 345
2016-08-30 2:14:39 - PHP Warning:  ftp_put(): catalog/language/portuguese-br/module/special.php: Arquivo ou diretório não encontrado in /var/www/html/admin/controller/extension/installer.php on line 345
2016-08-30 2:14:39 - PHP Warning:  ftp_put(): catalog/language/portuguese-br/module/store.php: Arquivo ou diretório não encontrado in /var/www/html/admin/controller/extension/installer.php on line 345
2016-08-30 2:14:39 - PHP Warning:  ftp_put(): catalog/language/portuguese-br/openbay/amazon_order.php: Arquivo ou diretório não encontrado in /var/www/html/admin/controller/extension/installer.php on line 345
2016-08-30 2:14:39 - PHP Warning:  ftp_put(): catalog/language/portuguese-br/openbay/amazonus_order.php: Arquivo ou diretório não encontrado in /var/www/html/admin/controller/extension/installer.php on line 345
2016-08-30 2:14:39 - PHP Warning:  ftp_put(): catalog/language/portuguese-br/openbay/ebay_order.php: Arquivo ou diretório não encontrado in /var/www/html/admin/controller/extension/installer.php on line 345
2016-08-30 2:14:39 - PHP Warning:  ftp_put(): catalog/language/portuguese-br/openbay/etsy_order.php: Arquivo ou diretório não encontrado in /var/www/html/admin/controller/extension/installer.php on line 345
2016-08-30 2:14:39 - PHP Warning:  ftp_put(): catalog/language/portuguese-br/payment/amazon_checkout.php: Arquivo ou diretório não encontrado in /var/www/html/admin/controller/extension/installer.php on line 345
2016-08-30 2:14:39 - PHP Warning:  ftp_put(): catalog/language/portuguese-br/payment/amazon_login_pay.php: Arquivo ou diretório não encontrado in /var/www/html/admin/controller/extension/installer.php on line 345
2016-08-30 2:14:39 - PHP Warning:  ftp_put(): catalog/language/portuguese-br/payment/authorizenet_aim.php: Arquivo ou diretório não encontrado in /var/www/html/admin/controller/extension/installer.php on line 345
2016-08-30 2:14:39 - PHP Warning:  ftp_put(): catalog/language/portuguese-br/payment/authorizenet_sim.php: Arquivo ou diretório não encontrado in /var/www/html/admin/controller/extension/installer.php on line 345
2016-08-30 2:14:39 - PHP Warning:  ftp_put(): catalog/language/portuguese-br/payment/bank_transfer.php: Arquivo ou diretório não encontrado in /var/www/html/admin/controller/extension/installer.php on line 345
2016-08-30 2:14:39 - PHP Warning:  ftp_put(): catalog/language/portuguese-br/payment/bluepay_hosted.php: Arquivo ou diretório não encontrado in /var/www/html/admin/controller/extension/installer.php on line 345
2016-08-30 2:14:39 - PHP Warning:  ftp_put(): catalog/language/portuguese-br/payment/bluepay_redirect.php: Arquivo ou diretório não encontrado in /var/www/html/admin/controller/extension/installer.php on line 345
2016-08-30 2:14:39 - PHP Warning:  ftp_put(): catalog/language/portuguese-br/payment/cheque.php: Arquivo ou diretório não encontrado in /var/www/html/admin/controller/extension/installer.php on line 345
2016-08-30 2:14:39 - PHP Warning:  ftp_put(): catalog/language/portuguese-br/payment/cod.php: Arquivo ou diretório não encontrado in /var/www/html/admin/controller/extension/installer.php on line 345
2016-08-30 2:14:39 - PHP Warning:  ftp_put(): catalog/language/portuguese-br/payment/firstdata.php: Arquivo ou diretório não encontrado in /var/www/html/admin/controller/extension/installer.php on line 345
2016-08-30 2:14:39 - PHP Warning:  ftp_put(): catalog/language/portuguese-br/payment/firstdata_remote.php: Arquivo ou diretório não encontrado in /var/www/html/admin/controller/extension/installer.php on line 345
2016-08-30 2:14:39 - PHP Warning:  ftp_put(): catalog/language/portuguese-br/payment/free_checkout.php: Arquivo ou diretório não encontrado in /var/www/html/admin/controller/extension/installer.php on line 345
2016-08-30 2:14:39 - PHP Warning:  ftp_put(): catalog/language/portuguese-br/payment/g2apay.php: Arquivo ou diretório não encontrado in /var/www/html/admin/controller/extension/installer.php on line 345
2016-08-30 2:14:39 - PHP Warning:  ftp_put(): catalog/language/portuguese-br/payment/globalpay.php: Arquivo ou diretório não encontrado in /var/www/html/admin/controller/extension/installer.php on line 345
2016-08-30 2:14:39 - PHP Warning:  ftp_put(): catalog/language/portuguese-br/payment/globalpay_remote.php: Arquivo ou diretório não encontrado in /var/www/html/admin/controller/extension/installer.php on line 345
2016-08-30 2:14:39 - PHP Warning:  ftp_put(): catalog/language/portuguese-br/payment/klarna_account.php: Arquivo ou diretório não encontrado in /var/www/html/admin/controller/extension/installer.php on line 345
2016-08-30 2:14:39 - PHP Warning:  ftp_put(): catalog/language/portuguese-br/payment/klarna_invoice.php: Arquivo ou diretório não encontrado in /var/www/html/admin/controller/extension/installer.php on line 345
2016-08-30 2:14:39 - PHP Warning:  ftp_put(): catalog/language/portuguese-br/payment/liqpay.php: Arquivo ou diretório não encontrado in /var/www/html/admin/controller/extension/installer.php on line 345
2016-08-30 2:14:39 - PHP Warning:  ftp_put(): catalog/language/portuguese-br/payment/nochex.php: Arquivo ou diretório não encontrado in /var/www/html/admin/controller/extension/installer.php on line 345
2016-08-30 2:14:39 - PHP Warning:  ftp_put(): catalog/language/portuguese-br/payment/paymate.php: Arquivo ou diretório não encontrado in /var/www/html/admin/controller/extension/installer.php on line 345
2016-08-30 2:14:39 - PHP Warning:  ftp_put(): catalog/language/portuguese-br/payment/paypoint.php: Arquivo ou diretório não encontrado in /var/www/html/admin/controller/extension/installer.php on line 345
2016-08-30 2:14:39 - PHP Warning:  ftp_put(): catalog/language/portuguese-br/payment/payza.php: Arquivo ou diretório não encontrado in /var/www/html/admin/controller/extension/installer.php on line 345
2016-08-30 2:14:39 - PHP Warning:  ftp_put(): catalog/language/portuguese-br/payment/perpetual_payments.php: Arquivo ou diretório não encontrado in /var/www/html/admin/controller/extension/installer.php on line 345
2016-08-30 2:14:39 - PHP Warning:  ftp_put(): catalog/language/portuguese-br/payment/pp_express.php: Arquivo ou diretório não encontrado in /var/www/html/admin/controller/extension/installer.php on line 345
2016-08-30 2:14:39 - PHP Warning:  ftp_put(): catalog/language/portuguese-br/payment/pp_payflow.php: Arquivo ou diretório não encontrado in /var/www/html/admin/controller/extension/installer.php on line 345
2016-08-30 2:14:39 - PHP Warning:  ftp_put(): catalog/language/portuguese-br/payment/pp_payflow_iframe.php: Arquivo ou diretório não encontrado in /var/www/html/admin/controller/extension/installer.php on line 345
2016-08-30 2:14:39 - PHP Warning:  ftp_put(): catalog/language/portuguese-br/payment/pp_pro.php: Arquivo ou diretório não encontrado in /var/www/html/admin/controller/extension/installer.php on line 345
2016-08-30 2:14:39 - PHP Warning:  ftp_put(): catalog/language/portuguese-br/payment/pp_pro_iframe.php: Arquivo ou diretório não encontrado in /var/www/html/admin/controller/extension/installer.php on line 345
2016-08-30 2:14:39 - PHP Warning:  ftp_put(): catalog/language/portuguese-br/payment/pp_standard.php: Arquivo ou diretório não encontrado in /var/www/html/admin/controller/extension/installer.php on line 345
2016-08-30 2:14:39 - PHP Warning:  ftp_put(): catalog/language/portuguese-br/payment/realex.php: Arquivo ou diretório não encontrado in /var/www/html/admin/controller/extension/installer.php on line 345
2016-08-30 2:14:39 - PHP Warning:  ftp_put(): catalog/language/portuguese-br/payment/realex_remote.php: Arquivo ou diretório não encontrado in /var/www/html/admin/controller/extension/installer.php on line 345
2016-08-30 2:14:39 - PHP Warning:  ftp_put(): catalog/language/portuguese-br/payment/sagepay_direct.php: Arquivo ou diretório não encontrado in /var/www/html/admin/controller/extension/installer.php on line 345
2016-08-30 2:14:39 - PHP Warning:  ftp_put(): catalog/language/portuguese-br/payment/sagepay_server.php: Arquivo ou diretório não encontrado in /var/www/html/admin/controller/extension/installer.php on line 345
2016-08-30 2:14:39 - PHP Warning:  ftp_put(): catalog/language/portuguese-br/payment/sagepay_us.php: Arquivo ou diretório não encontrado in /var/www/html/admin/controller/extension/installer.php on line 345
2016-08-30 2:14:39 - PHP Warning:  ftp_put(): catalog/language/portuguese-br/payment/securetrading_pp.php: Arquivo ou diretório não encontrado in /var/www/html/admin/controller/extension/installer.php on line 345
2016-08-30 2:14:39 - PHP Warning:  ftp_put(): catalog/language/portuguese-br/payment/securetrading_ws.php: Arquivo ou diretório não encontrado in /var/www/html/admin/controller/extension/installer.php on line 345
2016-08-30 2:14:39 - PHP Warning:  ftp_put(): catalog/language/portuguese-br/payment/skrill.php: Arquivo ou diretório não encontrado in /var/www/html/admin/controller/extension/installer.php on line 345
2016-08-30 2:14:39 - PHP Warning:  ftp_put(): catalog/language/portuguese-br/payment/twocheckout.php: Arquivo ou diretório não encontrado in /var/www/html/admin/controller/extension/installer.php on line 345
2016-08-30 2:14:39 - PHP Warning:  ftp_put(): catalog/language/portuguese-br/payment/web_payment_software.php: Arquivo ou diretório não encontrado in /var/www/html/admin/controller/extension/installer.php on line 345
2016-08-30 2:14:39 - PHP Warning:  ftp_put(): catalog/language/portuguese-br/payment/worldpay.php: Arquivo ou diretório não encontrado in /var/www/html/admin/controller/extension/installer.php on line 345
2016-08-30 2:14:39 - PHP Warning:  ftp_put(): catalog/language/portuguese-br/product/category.php: Arquivo ou diretório não encontrado in /var/www/html/admin/controller/extension/installer.php on line 345
2016-08-30 2:14:39 - PHP Warning:  ftp_put(): catalog/language/portuguese-br/product/compare.php: Arquivo ou diretório não encontrado in /var/www/html/admin/controller/extension/installer.php on line 345
2016-08-30 2:14:39 - PHP Warning:  ftp_put(): catalog/language/portuguese-br/product/manufacturer.php: Arquivo ou diretório não encontrado in /var/www/html/admin/controller/extension/installer.php on line 345
2016-08-30 2:14:39 - PHP Warning:  ftp_put(): catalog/language/portuguese-br/product/product.php: Arquivo ou diretório não encontrado in /var/www/html/admin/controller/extension/installer.php on line 345
2016-08-30 2:14:39 - PHP Warning:  ftp_put(): catalog/language/portuguese-br/product/search.php: Arquivo ou diretório não encontrado in /var/www/html/admin/controller/extension/installer.php on line 345
2016-08-30 2:14:39 - PHP Warning:  ftp_put(): catalog/language/portuguese-br/product/special.php: Arquivo ou diretório não encontrado in /var/www/html/admin/controller/extension/installer.php on line 345
2016-08-30 2:14:39 - PHP Warning:  ftp_put(): catalog/language/portuguese-br/shipping/auspost.php: Arquivo ou diretório não encontrado in /var/www/html/admin/controller/extension/installer.php on line 345
2016-08-30 2:14:39 - PHP Warning:  ftp_put(): catalog/language/portuguese-br/shipping/citylink.php: Arquivo ou diretório não encontrado in /var/www/html/admin/controller/extension/installer.php on line 345
2016-08-30 2:14:39 - PHP Warning:  ftp_put(): catalog/language/portuguese-br/shipping/fedex.php: Arquivo ou diretório não encontrado in /var/www/html/admin/controller/extension/installer.php on line 345
2016-08-30 2:14:39 - PHP Warning:  ftp_put(): catalog/language/portuguese-br/shipping/flat.php: Arquivo ou diretório não encontrado in /var/www/html/admin/controller/extension/installer.php on line 345
2016-08-30 2:14:39 - PHP Warning:  ftp_put(): catalog/language/portuguese-br/shipping/free.php: Arquivo ou diretório não encontrado in /var/www/html/admin/controller/extension/installer.php on line 345
2016-08-30 2:14:39 - PHP Warning:  ftp_put(): catalog/language/portuguese-br/shipping/item.php: Arquivo ou diretório não encontrado in /var/www/html/admin/controller/extension/installer.php on line 345
2016-08-30 2:14:39 - PHP Warning:  ftp_put(): catalog/language/portuguese-br/shipping/parcelforce_48.php: Arquivo ou diretório não encontrado in /var/www/html/admin/controller/extension/installer.php on line 345
2016-08-30 2:14:39 - PHP Warning:  ftp_put(): catalog/language/portuguese-br/shipping/pickup.php: Arquivo ou diretório não encontrado in /var/www/html/admin/controller/extension/installer.php on line 345
2016-08-30 2:14:39 - PHP Warning:  ftp_put(): catalog/language/portuguese-br/shipping/royal_mail.php: Arquivo ou diretório não encontrado in /var/www/html/admin/controller/extension/installer.php on line 345
2016-08-30 2:14:39 - PHP Warning:  ftp_put(): catalog/language/portuguese-br/shipping/ups.php: Arquivo ou diretório não encontrado in /var/www/html/admin/controller/extension/installer.php on line 345
2016-08-30 2:14:39 - PHP Warning:  ftp_put(): catalog/language/portuguese-br/shipping/usps.php: Arquivo ou diretório não encontrado in /var/www/html/admin/controller/extension/installer.php on line 345
2016-08-30 2:14:39 - PHP Warning:  ftp_put(): catalog/language/portuguese-br/shipping/weight.php: Arquivo ou diretório não encontrado in /var/www/html/admin/controller/extension/installer.php on line 345
2016-08-30 2:14:39 - PHP Warning:  ftp_put(): catalog/language/portuguese-br/tool/upload.php: Arquivo ou diretório não encontrado in /var/www/html/admin/controller/extension/installer.php on line 345
2016-08-30 2:14:39 - PHP Warning:  ftp_put(): catalog/language/portuguese-br/total/coupon.php: Arquivo ou diretório não encontrado in /var/www/html/admin/controller/extension/installer.php on line 345
2016-08-30 2:14:39 - PHP Warning:  ftp_put(): catalog/language/portuguese-br/total/credit.php: Arquivo ou diretório não encontrado in /var/www/html/admin/controller/extension/installer.php on line 345
2016-08-30 2:14:39 - PHP Warning:  ftp_put(): catalog/language/portuguese-br/total/handling.php: Arquivo ou diretório não encontrado in /var/www/html/admin/controller/extension/installer.php on line 345
2016-08-30 2:14:39 - PHP Warning:  ftp_put(): catalog/language/portuguese-br/total/klarna_fee.php: Arquivo ou diretório não encontrado in /var/www/html/admin/controller/extension/installer.php on line 345
2016-08-30 2:14:39 - PHP Warning:  ftp_put(): catalog/language/portuguese-br/total/low_order_fee.php: Arquivo ou diretório não encontrado in /var/www/html/admin/controller/extension/installer.php on line 345
2016-08-30 2:14:39 - PHP Warning:  ftp_put(): catalog/language/portuguese-br/total/reward.php: Arquivo ou diretório não encontrado in /var/www/html/admin/controller/extension/installer.php on line 345
2016-08-30 2:14:39 - PHP Warning:  ftp_put(): catalog/language/portuguese-br/total/shipping.php: Arquivo ou diretório não encontrado in /var/www/html/admin/controller/extension/installer.php on line 345
2016-08-30 2:14:39 - PHP Warning:  ftp_put(): catalog/language/portuguese-br/total/sub_total.php: Arquivo ou diretório não encontrado in /var/www/html/admin/controller/extension/installer.php on line 345
2016-08-30 2:14:39 - PHP Warning:  ftp_put(): catalog/language/portuguese-br/total/total.php: Arquivo ou diretório não encontrado in /var/www/html/admin/controller/extension/installer.php on line 345
2016-08-30 2:14:39 - PHP Warning:  ftp_put(): catalog/language/portuguese-br/total/voucher.php: Arquivo ou diretório não encontrado in /var/www/html/admin/controller/extension/installer.php on line 345
